#
# A fatal error has been detected by the Java Runtime Environment:
#
#  EXCEPTION_ACCESS_VIOLATION (0xc0000005) at pc=0x0000000000000000, pid=19376, tid=7008
#
# JRE version: OpenJDK Runtime Environment 18.9 (11.0.11+9) (build 11.0.11+9)
# Java VM: OpenJDK 64-Bit Server VM 18.9 (11.0.11+9, mixed mode, tiered, compressed oops, g1 gc, windows-amd64)
# Problematic frame:
# C  0x0000000000000000
#
# No core dump will be written. Minidumps are not enabled by default on client versions of Windows
#
# If you would like to submit a bug report, please visit:
#   https://bugreport.java.com/bugreport/crash.jsp
# The crash happened outside the Java Virtual Machine in native code.
# See problematic frame for where to report the bug.
#

---------------  S U M M A R Y ------------

Command Line: -Dsun.java2d.pmoffscreen=false -Dhttps.protocols=TLSv1,TLSv1.1,TLSv1.2 -Dsun.java2d.xrender=false -Dsun.java2d.d3d=false -Dsun.awt.nopixfmt=true -Dsun.java2d.dpiaware=true -Dsun.java2d.uiScale.enabled=false -Xverify:none -Dswing.aatext=true -XX:-UsePerfData -Djdk.map.althashing.threshold=512 -XX:StringTableSize=4072 --add-opens=java.desktop/com.sun.awt=ALL-UNNAMED --add-opens=java.desktop/javax.swing.plaf.synth=ALL-UNNAMED --add-opens=java.base/java.nio=ALL-UNNAMED --add-opens=java.desktop/sun.swing=ALL-UNNAMED --add-opens=java.desktop/javax.swing=ALL-UNNAMED --add-opens=java.desktop/javax.swing.tree=ALL-UNNAMED --add-opens=java.desktop/javax.swing.plaf.basic=ALL-UNNAMED --add-opens=java.desktop/javax.swing.plaf.synth=ALL-UNNAMED --add-opens=java.desktop/javax.swing.plaf.basic=ALL-UNNAMED --add-opens=java.desktop/javax.swing=ALL-UNNAMED --add-opens=java.desktop/javax.swing.tree=ALL-UNNAMED --add-opens=java.desktop/java.awt.event=ALL-UNNAMED --add-exports=java.desktop/javax.swing.plaf.synth=ALL-UNNAMED --add-exports=java.base/java.nio=ALL-UNNAMED --add-exports=java.desktop/sun.swing=ALL-UNNAMED --add-exports=java.desktop/javax.swing=ALL-UNNAMED --add-exports=java.desktop/javax.swing.tree=ALL-UNNAMED --add-exports=java.desktop/javax.swing.plaf.basic=ALL-UNNAMED --add-exports=java.desktop/sun.swing=ALL-UNNAMED --add-exports=java.desktop/sun.swing.table=ALL-UNNAMED --add-exports=java.desktop/sun.swing.plaf.synth=ALL-UNNAMED --add-exports=java.desktop/sun.awt.shell=ALL-UNNAMED --add-exports=java.base/sun.security.action=ALL-UNNAMED --add-exports=java.desktop/sun.font=ALL-UNNAMED -XX:NewSize=60m -XX:MaxNewSize=60m -Xms256m -Xmx3072m -Xss5m 

Host: AMD Ryzen 7 5800H with Radeon Graphics         , 8 cores, 13G,  Windows 10 , 64 bit Build 19041 (10.0.19041.2913)
Time: Fri Jun  2 16:56:08 2023 中国标准时间 elapsed time: 3324.216669 seconds (0d 0h 55m 24s)

---------------  T H R E A D  ---------------

Current thread (0x0000016db6f07800):  JavaThread "AWT-EventQueue-0" [_thread_in_native, id=7008, stack(0x0000001dbe100000,0x0000001dbe600000)]

Stack: [0x0000001dbe100000,0x0000001dbe600000],  sp=0x0000001dbe5fd2a8,  free space=5108k
Native frames: (J=compiled Java code, j=interpreted, Vv=VM code, C=native code)

Java frames: (J=compiled Java code, j=interpreted, Vv=VM code)
J 26971  ui.views.waveform.waveformi.WVExecutive_processModelEvent(JJ)V (0 bytes) @ 0x0000016da32cbd14 [0x0000016da32cbcc0+0x0000000000000054]
J 26970 c1 ui.views.waveform.executive.a.fV(J)V (9 bytes) @ 0x0000016d9c194a34 [0x0000016d9c1949c0+0x0000000000000074]
j  ui.views.waveform.d.b.fT(J)V+8
j  ui.views.waveform.d.e.actionPerformed(Ljava/awt/event/ActionEvent;)V+8
J 18907 c2 javax.swing.Timer.fireActionPerformed(Ljava/awt/event/ActionEvent;)V java.desktop@11.0.11 (46 bytes) @ 0x0000016da2fbc354 [0x0000016da2fbc240+0x0000000000000114]
J 19065 c2 javax.swing.Timer$DoPostEvent.run()V java.desktop@11.0.11 (82 bytes) @ 0x0000016da2ffec44 [0x0000016da2ffe960+0x00000000000002e4]
J 13705 c2 java.awt.EventQueue$4.run()Ljava/lang/Object; java.desktop@11.0.11 (5 bytes) @ 0x0000016da2a20374 [0x0000016da2a20280+0x00000000000000f4]
v  ~StubRoutines::call_stub
J 3662  java.security.AccessController.doPrivileged(Ljava/security/PrivilegedAction;Ljava/security/AccessControlContext;)Ljava/lang/Object; java.base@11.0.11 (0 bytes) @ 0x0000016da20a1336 [0x0000016da20a12c0+0x0000000000000076]
J 13684 c2 ui.frmwork.a.d.dispatchEvent(Ljava/awt/AWTEvent;)V (42 bytes) @ 0x0000016da2a1dffc [0x0000016da2a1dbe0+0x000000000000041c]
J 22458% c2 java.awt.EventDispatchThread.pumpEventsForFilter(ILjava/awt/Conditional;Ljava/awt/EventFilter;)V java.desktop@11.0.11 (47 bytes) @ 0x0000016da256e968 [0x0000016da256e600+0x0000000000000368]
j  java.awt.EventDispatchThread.pumpEventsForHierarchy(ILjava/awt/Conditional;Ljava/awt/Component;)V+11 java.desktop@11.0.11
j  java.awt.EventDispatchThread.pumpEvents(ILjava/awt/Conditional;)V+4 java.desktop@11.0.11
j  java.awt.EventDispatchThread.pumpEvents(Ljava/awt/Conditional;)V+3 java.desktop@11.0.11
j  java.awt.EventDispatchThread.run()V+9 java.desktop@11.0.11
v  ~StubRoutines::call_stub

siginfo: EXCEPTION_ACCESS_VIOLATION (0xc0000005), data execution prevention violation at address 0x0000000000000000


Register to memory mapping:

RIP=0x0 is NULL
RAX=0x0000016dbf575d88 points into unknown readable memory: 0x0000000000000000 | 00 00 00 00 00 00 00 00
RBX=0x0000016dd6d87ef0 points into unknown readable memory: 0x0000016e598e7960 | 60 79 8e 59 6e 01 00 00
RCX=0x0000016d90309dc0 points into unknown readable memory: 0x0000016dbf575d88 | 88 5d 57 bf 6d 01 00 00
RDX=0x0 is NULL
RSP=0x0000001dbe5fd2a8 is pointing into the stack for thread: 0x0000016db6f07800
RBP=0x0000001dbe5fd590 is pointing into the stack for thread: 0x0000016db6f07800
RSI=0x0000016e598e7960 points into unknown readable memory: 0x00007ff8d3b03dc0 | c0 3d b0 d3 f8 7f 00 00
RDI=0x0000001dbe5fd340 is pointing into the stack for thread: 0x0000016db6f07800
R8 =0x0000016e598e7e60 points into unknown readable memory: 0x0000000000000000 | 00 00 00 00 00 00 00 00
R9 =0x0000000000000001 is an unknown value
R10=0x0000000000008000 is an unknown value
R11=0x0000001dbe5fd280 is pointing into the stack for thread: 0x0000016db6f07800
R12=0x0 is NULL
R13=0x0000001dbe5fd5f0 is pointing into the stack for thread: 0x0000016db6f07800
R14=0x0000001dbe5fd580 is pointing into the stack for thread: 0x0000016db6f07800
R15=0x0000016db6f07800 is a thread


Registers:
RAX=0x0000016dbf575d88, RBX=0x0000016dd6d87ef0, RCX=0x0000016d90309dc0, RDX=0x0000000000000000
RSP=0x0000001dbe5fd2a8, RBP=0x0000001dbe5fd590, RSI=0x0000016e598e7960, RDI=0x0000001dbe5fd340
R8 =0x0000016e598e7e60, R9 =0x0000000000000001, R10=0x0000000000008000, R11=0x0000001dbe5fd280
R12=0x0000000000000000, R13=0x0000001dbe5fd5f0, R14=0x0000001dbe5fd580, R15=0x0000016db6f07800
RIP=0x0000000000000000, EFLAGS=0x0000000000010206

Top of Stack: (sp=0x0000001dbe5fd2a8)
0x0000001dbe5fd2a8:   00007ff8d3896b3d 0000001dbe5fd590
0x0000001dbe5fd2b8:   0000016dd6d87ef0 0000001dbe5fd590
0x0000001dbe5fd2c8:   0000000741bb73c8 fffffffffffffffe
0x0000001dbe5fd2d8:   00007ff8d3b02aa0 0000001d00000008
0x0000001dbe5fd2e8:   0000016e598e7960 0000aa0e70a18848
0x0000001dbe5fd2f8:   00007ff999dcd68a 0000016db6f07800
0x0000001dbe5fd308:   0000001dbe5fd580 0000016db9f13fa0
0x0000001dbe5fd318:   00007ff8d3896bfd 0000016e5b7a5ca0
0x0000001dbe5fd328:   0000000000000000 0000016e5b7a5ca0
0x0000001dbe5fd338:   0000016e598e7960 0000016dd6d87f40
0x0000001dbe5fd348:   00007ff9815d6201 0000000000000000
0x0000001dbe5fd358:   0000001dbe5fd590 00007ff8d3b5d030
0x0000001dbe5fd368:   fffffffffffffffe 0000016e5b7a5ca0
0x0000001dbe5fd378:   00007ff9815d6220 0000000000000000
0x0000001dbe5fd388:   0000001dbe5fd590 00007ff8d3b5d030
0x0000001dbe5fd398:   00007ff8d38c266d 0000016db6f07800 

Instructions: (pc=0x0000000000000000)
0xffffffffffffff00:   


Stack slot to memory mapping:
stack at sp + 0 slots: 0x00007ff8d3896b3d points into unknown readable memory: 48 8b 10
stack at sp + 1 slots: 0x0000001dbe5fd590 is pointing into the stack for thread: 0x0000016db6f07800
stack at sp + 2 slots: 0x0000016dd6d87ef0 points into unknown readable memory: 0x0000016e598e7960 | 60 79 8e 59 6e 01 00 00
stack at sp + 3 slots: 0x0000001dbe5fd590 is pointing into the stack for thread: 0x0000016db6f07800
stack at sp + 4 slots: 0x0000000741bb73c8 is an oop: sun.awt.windows.WGlobalCursorManager 
{0x0000000741bb73c8} - klass: 'sun/awt/windows/WGlobalCursorManager'
stack at sp + 5 slots: 0xfffffffffffffffe is an unknown value
stack at sp + 6 slots: 0x00007ff8d3b02aa0 points into unknown readable memory: 0x00007ff8d3764060 | 60 40 76 d3 f8 7f 00 00
stack at sp + 7 slots: 0x0000001d00000008 is an unknown value


---------------  P R O C E S S  ---------------

Threads class SMR info:
_java_thread_list=0x0000016dd1f10d30, length=36, elements={
0x0000016d91949800, 0x0000016d90477800, 0x0000016d9047b000, 0x0000016d904bd000,
0x0000016d904be000, 0x0000016d904c1800, 0x0000016d904c4000, 0x0000016d904c5800,
0x0000016d904c8800, 0x0000016db3295000, 0x0000016db3eda000, 0x0000016db3e48000,
0x0000016db37fa800, 0x0000016db5d9b000, 0x0000016db6f07800, 0x0000016db6c69800,
0x0000016db3f9d800, 0x0000016db7c22800, 0x0000016db7c26000, 0x0000016db7c25000,
0x0000016db7c27000, 0x0000016db7c21000, 0x0000016dc1bb6000, 0x0000016dc1bb3800,
0x0000016dc1bb1000, 0x0000016dc1bb2000, 0x0000016dc1bb8800, 0x0000016dc1bbb000,
0x0000016dc1bb9800, 0x0000016dc1bb5000, 0x0000016dc1bb0800, 0x0000016e08ffb000,
0x0000016e08ff5800, 0x0000016e09001800, 0x0000016e08ffd000, 0x0000016e08ffc000
}

Java Threads: ( => current thread )
  0x0000016d91949800 JavaThread "main" [_thread_blocked, id=16056, stack(0x0000001db9300000,0x0000001db9400000)]
  0x0000016d90477800 JavaThread "Reference Handler" daemon [_thread_blocked, id=7152, stack(0x0000001db9a00000,0x0000001db9f00000)]
  0x0000016d9047b000 JavaThread "Finalizer" daemon [_thread_blocked, id=12592, stack(0x0000001db9f00000,0x0000001dba400000)]
  0x0000016d904bd000 JavaThread "Signal Dispatcher" daemon [_thread_blocked, id=19008, stack(0x0000001dba400000,0x0000001dba900000)]
  0x0000016d904be000 JavaThread "Attach Listener" daemon [_thread_blocked, id=19312, stack(0x0000001dba900000,0x0000001dbae00000)]
  0x0000016d904c1800 JavaThread "Service Thread" daemon [_thread_blocked, id=8836, stack(0x0000001dbae00000,0x0000001dbb300000)]
  0x0000016d904c4000 JavaThread "C2 CompilerThread0" daemon [_thread_blocked, id=15524, stack(0x0000001dbb300000,0x0000001dbb400000)]
  0x0000016d904c5800 JavaThread "C1 CompilerThread0" daemon [_thread_blocked, id=5672, stack(0x0000001dbb400000,0x0000001dbb500000)]
  0x0000016d904c8800 JavaThread "Sweeper thread" daemon [_thread_blocked, id=21868, stack(0x0000001dbb500000,0x0000001dbba00000)]
  0x0000016db3295000 JavaThread "Common-Cleaner" daemon [_thread_blocked, id=14656, stack(0x0000001dbbb00000,0x0000001dbc000000)]
  0x0000016db3eda000 JavaThread "Java2D Disposer" daemon [_thread_blocked, id=12508, stack(0x0000001dbc100000,0x0000001dbc600000)]
  0x0000016db3e48000 JavaThread "AWT-Windows" daemon [_thread_in_native, id=8176, stack(0x0000001dbcb00000,0x0000001dbd000000)]
  0x0000016db37fa800 JavaThread "TimerQueue" daemon [_thread_blocked, id=2844, stack(0x0000001dbc600000,0x0000001dbcb00000)]
  0x0000016db5d9b000 JavaThread "AWT-Shutdown" [_thread_blocked, id=14828, stack(0x0000001dbdc00000,0x0000001dbe100000)]
=>0x0000016db6f07800 JavaThread "AWT-EventQueue-0" [_thread_in_native, id=7008, stack(0x0000001dbe100000,0x0000001dbe600000)]
  0x0000016db6c69800 JavaThread "Thread-1" [_thread_in_native, id=18156, stack(0x0000001db7d00000,0x0000001db9100000)]
  0x0000016db3f9d800 JavaThread "Process Messages Thread" [_thread_blocked, id=21124, stack(0x0000001dbee00000,0x0000001dbf300000)]
  0x0000016db7c22800 JavaThread "Batik CleanerThread" daemon [_thread_blocked, id=11792, stack(0x0000001dbe600000,0x0000001dbeb00000)]
  0x0000016db7c26000 JavaThread "SyntheticaCleanerThread" daemon [_thread_blocked, id=5320, stack(0x0000001dbf800000,0x0000001dbfd00000)]
  0x0000016db7c25000 JavaThread "Monitor HEventQueue Thread" [_thread_blocked, id=19404, stack(0x0000001dc0500000,0x0000001dc0a00000)]
  0x0000016db7c27000 JavaThread "SyntheticaAnimation 50" daemon [_thread_blocked, id=9524, stack(0x0000001dc0b00000,0x0000001dc1000000)]
  0x0000016db7c21000 JavaThread "SyntheticaAnimation 25" daemon [_thread_blocked, id=16636, stack(0x0000001dc1000000,0x0000001dc1500000)]
  0x0000016dc1bb6000 JavaThread "SyntheticaAnimation 70" daemon [_thread_blocked, id=5076, stack(0x0000001dc1a00000,0x0000001dc1f00000)]
  0x0000016dc1bb3800 JavaThread "Refresh Filesets Swing Worker Thread" [_thread_blocked, id=18228, stack(0x0000001dbf300000,0x0000001dbf800000)]
  0x0000016dc1bb1000 JavaThread "hw_ila_monitor" [_thread_blocked, id=12352, stack(0x0000001dbfd00000,0x0000001dc0200000)]
  0x0000016dc1bb2000 JavaThread "pool-2-thread-1" [_thread_blocked, id=15256, stack(0x0000001dc2900000,0x0000001dc2e00000)]
  0x0000016dc1bb8800 JavaThread "pool-3-thread-1" [_thread_blocked, id=21420, stack(0x0000001dc2e00000,0x0000001dc3300000)]
  0x0000016dc1bbb000 JavaThread "pool-4-thread-1" [_thread_blocked, id=16908, stack(0x0000001dc3300000,0x0000001dc3800000)]
  0x0000016dc1bb9800 JavaThread "pool-5-thread-1" [_thread_blocked, id=18916, stack(0x0000001dc3800000,0x0000001dc3d00000)]
  0x0000016dc1bb5000 JavaThread "Update Runs Swing Worker Thread" [_thread_blocked, id=18072, stack(0x0000001dbd700000,0x0000001dbdc00000)]
  0x0000016dc1bb0800 JavaThread "SyntheticaAnimation 50" daemon [_thread_blocked, id=32, stack(0x0000001dc1f00000,0x0000001dc2400000)]
  0x0000016e08ffb000 JavaThread "Thread-105" [_thread_in_native, id=19452, stack(0x0000001dc1800000,0x0000001dc1900000)]
  0x0000016e08ff5800 JavaThread "Image Animator 3" daemon [_thread_blocked, id=20048, stack(0x0000001dc3d00000,0x0000001dc4200000)]
  0x0000016e09001800 JavaThread "Image Fetcher 0" daemon [_thread_blocked, id=19992, stack(0x0000001dc2400000,0x0000001dc2900000)]
  0x0000016e08ffd000 JavaThread "Image Fetcher 1" daemon [_thread_blocked, id=17088, stack(0x0000001dc4700000,0x0000001dc4c00000)]
  0x0000016e08ffc000 JavaThread "Upload Waveform Thread" [_thread_in_native, id=15984, stack(0x0000001dc4d00000,0x0000001dc5200000)]

Other Threads:
  0x0000016d9042c800 VMThread "VM Thread" [stack: 0x0000001db9900000,0x0000001db9a00000] [id=20704]
  0x0000016db32ac000 WatcherThread [stack: 0x0000001dbc000000,0x0000001dbc100000] [id=18460]
  0x0000016d8e27d000 GCTaskThread "GC Thread#0" [stack: 0x0000001db9400000,0x0000001db9500000] [id=19976]
  0x0000016db3b9a000 GCTaskThread "GC Thread#1" [stack: 0x0000001dbd100000,0x0000001dbd200000] [id=13104]
  0x0000016db3b9a800 GCTaskThread "GC Thread#2" [stack: 0x0000001dbd200000,0x0000001dbd300000] [id=20720]
  0x0000016db5965000 GCTaskThread "GC Thread#3" [stack: 0x0000001dbd300000,0x0000001dbd400000] [id=18580]
  0x0000016db5966000 GCTaskThread "GC Thread#4" [stack: 0x0000001dbd400000,0x0000001dbd500000] [id=6748]
  0x0000016db3b84000 GCTaskThread "GC Thread#5" [stack: 0x0000001dbd500000,0x0000001dbd600000] [id=16676]
  0x0000016db7062800 GCTaskThread "GC Thread#6" [stack: 0x0000001dbeb00000,0x0000001dbec00000] [id=21964]
  0x0000016db5d5b800 GCTaskThread "GC Thread#7" [stack: 0x0000001dbec00000,0x0000001dbed00000] [id=19488]
  0x0000016d901e4000 ConcurrentGCThread "G1 Main Marker" [stack: 0x0000001db9500000,0x0000001db9600000] [id=532]
  0x0000016d901e7000 ConcurrentGCThread "G1 Conc#0" [stack: 0x0000001db9600000,0x0000001db9700000] [id=17124]
  0x0000016db5fb7000 ConcurrentGCThread "G1 Conc#1" [stack: 0x0000001dbed00000,0x0000001dbee00000] [id=6040]
  0x0000016d902fb000 ConcurrentGCThread "G1 Refine#0" [stack: 0x0000001db9700000,0x0000001db9800000] [id=3952]
  0x0000016db3bac000 ConcurrentGCThread "G1 Refine#1" [stack: 0x0000001dbd600000,0x0000001dbd700000] [id=16744]
  0x0000016dc1332800 ConcurrentGCThread "G1 Refine#2" [stack: 0x0000001dc0a00000,0x0000001dc0b00000] [id=7328]
  0x0000016d902fc000 ConcurrentGCThread "G1 Young RemSet Sampling" [stack: 0x0000001db9800000,0x0000001db9900000] [id=10484]

Threads with active compile tasks:

VM state:not at safepoint (normal execution)

VM Mutex/Monitor currently owned by a thread: None

Heap address: 0x0000000740000000, size: 3072 MB, Compressed Oops mode: Zero based, Oop shift amount: 3
Narrow klass base: 0x0000000800000000, Narrow klass shift: 0
Compressed class space size: 1073741824 Address: 0x0000000800000000

Heap:
 garbage-first heap   total 315392K, used 153267K [0x0000000740000000, 0x0000000800000000)
  region size 1024K, 40 young (40960K), 0 survivors (0K)
 Metaspace       used 98140K, capacity 99646K, committed 102956K, reserved 1138688K
  class space    used 12190K, capacity 12832K, committed 13952K, reserved 1048576K
Heap Regions: E=young(eden), S=young(survivor), O=old, HS=humongous(starts), HC=humongous(continues), CS=collection set, F=free, A=archive, TAMS=top-at-mark-start (previous, next)
|   0|0x0000000740000000, 0x0000000740100000, 0x0000000740100000|100%|HS|  |TAMS 0x0000000740000000, 0x0000000740000000| Untracked 
|   1|0x0000000740100000, 0x0000000740200000, 0x0000000740200000|100%|HC|  |TAMS 0x0000000740100000, 0x0000000740100000| Untracked 
|   2|0x0000000740200000, 0x0000000740300000, 0x0000000740300000|100%|HS|  |TAMS 0x0000000740200000, 0x0000000740200000| Untracked 
|   3|0x0000000740300000, 0x00000007403fffe8, 0x0000000740400000| 99%| O|  |TAMS 0x0000000740300000, 0x0000000740300000| Untracked 
|   4|0x0000000740400000, 0x00000007404ffff8, 0x0000000740500000| 99%| O|  |TAMS 0x0000000740400000, 0x0000000740400000| Untracked 
|   5|0x0000000740500000, 0x00000007405ffff0, 0x0000000740600000| 99%| O|  |TAMS 0x0000000740500000, 0x0000000740500000| Untracked 
|   6|0x0000000740600000, 0x00000007406ffff8, 0x0000000740700000| 99%| O|  |TAMS 0x0000000740600000, 0x0000000740600000| Untracked 
|   7|0x0000000740700000, 0x00000007407ffef8, 0x0000000740800000| 99%| O|  |TAMS 0x0000000740700000, 0x0000000740700000| Untracked 
|   8|0x0000000740800000, 0x00000007408ffb90, 0x0000000740900000| 99%| O|  |TAMS 0x0000000740800000, 0x0000000740800000| Untracked 
|   9|0x0000000740900000, 0x00000007409ffff0, 0x0000000740a00000| 99%| O|  |TAMS 0x0000000740900000, 0x0000000740900000| Untracked 
|  10|0x0000000740a00000, 0x0000000740affff0, 0x0000000740b00000| 99%| O|  |TAMS 0x0000000740a00000, 0x0000000740a00000| Untracked 
|  11|0x0000000740b00000, 0x0000000740c00000, 0x0000000740c00000|100%| O|  |TAMS 0x0000000740b00000, 0x0000000740b00000| Untracked 
|  12|0x0000000740c00000, 0x0000000740cffff8, 0x0000000740d00000| 99%| O|  |TAMS 0x0000000740c00000, 0x0000000740c00000| Untracked 
|  13|0x0000000740d00000, 0x0000000740e00000, 0x0000000740e00000|100%| O|  |TAMS 0x0000000740d00000, 0x0000000740d00000| Untracked 
|  14|0x0000000740e00000, 0x0000000740effff0, 0x0000000740f00000| 99%| O|  |TAMS 0x0000000740e00000, 0x0000000740e00000| Untracked 
|  15|0x0000000740f00000, 0x0000000741000000, 0x0000000741000000|100%| O|  |TAMS 0x0000000740f00000, 0x0000000740f00000| Untracked 
|  16|0x0000000741000000, 0x0000000741100000, 0x0000000741100000|100%| O|  |TAMS 0x0000000741000000, 0x0000000741000000| Untracked 
|  17|0x0000000741100000, 0x00000007411fffe8, 0x0000000741200000| 99%| O|  |TAMS 0x0000000741100000, 0x0000000741100000| Untracked 
|  18|0x0000000741200000, 0x0000000741300000, 0x0000000741300000|100%| O|  |TAMS 0x0000000741200000, 0x0000000741200000| Untracked 
|  19|0x0000000741300000, 0x00000007413ffff0, 0x0000000741400000| 99%| O|  |TAMS 0x0000000741300000, 0x0000000741300000| Untracked 
|  20|0x0000000741400000, 0x00000007414ffff0, 0x0000000741500000| 99%| O|  |TAMS 0x0000000741400000, 0x0000000741400000| Untracked 
|  21|0x0000000741500000, 0x0000000741600000, 0x0000000741600000|100%|HS|  |TAMS 0x0000000741500000, 0x0000000741500000| Untracked 
|  22|0x0000000741600000, 0x00000007416fffe8, 0x0000000741700000| 99%| O|  |TAMS 0x0000000741600000, 0x0000000741600000| Untracked 
|  23|0x0000000741700000, 0x0000000741800000, 0x0000000741800000|100%| O|  |TAMS 0x0000000741700000, 0x0000000741700000| Untracked 
|  24|0x0000000741800000, 0x00000007418ffff0, 0x0000000741900000| 99%| O|  |TAMS 0x0000000741800000, 0x0000000741800000| Untracked 
|  25|0x0000000741900000, 0x0000000741a00000, 0x0000000741a00000|100%| O|  |TAMS 0x0000000741900000, 0x0000000741900000| Untracked 
|  26|0x0000000741a00000, 0x0000000741affff8, 0x0000000741b00000| 99%| O|  |TAMS 0x0000000741a00000, 0x0000000741a00000| Untracked 
|  27|0x0000000741b00000, 0x0000000741bfffe8, 0x0000000741c00000| 99%| O|  |TAMS 0x0000000741b00000, 0x0000000741b00000| Untracked 
|  28|0x0000000741c00000, 0x0000000741cfffe8, 0x0000000741d00000| 99%| O|  |TAMS 0x0000000741c00000, 0x0000000741c00000| Untracked 
|  29|0x0000000741d00000, 0x0000000741e00000, 0x0000000741e00000|100%| O|  |TAMS 0x0000000741d00000, 0x0000000741d00000| Untracked 
|  30|0x0000000741e00000, 0x0000000741f00000, 0x0000000741f00000|100%| O|  |TAMS 0x0000000741e00000, 0x0000000741e00000| Untracked 
|  31|0x0000000741f00000, 0x0000000741fffff0, 0x0000000742000000| 99%| O|  |TAMS 0x0000000741f00000, 0x0000000741f00000| Untracked 
|  32|0x0000000742000000, 0x0000000742100000, 0x0000000742100000|100%| O|  |TAMS 0x0000000742000000, 0x0000000742000000| Untracked 
|  33|0x0000000742100000, 0x00000007421ffff8, 0x0000000742200000| 99%| O|  |TAMS 0x0000000742100000, 0x0000000742100000| Untracked 
|  34|0x0000000742200000, 0x00000007422fffe8, 0x0000000742300000| 99%| O|  |TAMS 0x0000000742200000, 0x0000000742200000| Untracked 
|  35|0x0000000742300000, 0x00000007423ffff0, 0x0000000742400000| 99%| O|  |TAMS 0x0000000742300000, 0x0000000742300000| Untracked 
|  36|0x0000000742400000, 0x00000007424ffff0, 0x0000000742500000| 99%| O|  |TAMS 0x0000000742400000, 0x0000000742400000| Untracked 
|  37|0x0000000742500000, 0x0000000742600000, 0x0000000742600000|100%| O|  |TAMS 0x0000000742500000, 0x0000000742500000| Untracked 
|  38|0x0000000742600000, 0x0000000742700000, 0x0000000742700000|100%| O|  |TAMS 0x0000000742600000, 0x0000000742600000| Untracked 
|  39|0x0000000742700000, 0x0000000742800000, 0x0000000742800000|100%| O|  |TAMS 0x0000000742700000, 0x0000000742700000| Untracked 
|  40|0x0000000742800000, 0x00000007428fffe8, 0x0000000742900000| 99%| O|  |TAMS 0x0000000742800000, 0x0000000742800000| Untracked 
|  41|0x0000000742900000, 0x0000000742a00000, 0x0000000742a00000|100%| O|  |TAMS 0x0000000742900000, 0x0000000742900000| Untracked 
|  42|0x0000000742a00000, 0x0000000742afffd8, 0x0000000742b00000| 99%| O|  |TAMS 0x0000000742a00000, 0x0000000742a00000| Untracked 
|  43|0x0000000742b00000, 0x0000000742bfffe0, 0x0000000742c00000| 99%| O|  |TAMS 0x0000000742b00000, 0x0000000742b00000| Untracked 
|  44|0x0000000742c00000, 0x0000000742cffff8, 0x0000000742d00000| 99%| O|  |TAMS 0x0000000742c00000, 0x0000000742c00000| Untracked 
|  45|0x0000000742d00000, 0x0000000742dffff0, 0x0000000742e00000| 99%| O|  |TAMS 0x0000000742d00000, 0x0000000742d00000| Untracked 
|  46|0x0000000742e00000, 0x0000000742f00000, 0x0000000742f00000|100%| O|  |TAMS 0x0000000742e00000, 0x0000000742e00000| Untracked 
|  47|0x0000000742f00000, 0x0000000742ffffe0, 0x0000000743000000| 99%| O|  |TAMS 0x0000000742f00000, 0x0000000742f00000| Untracked 
|  48|0x0000000743000000, 0x00000007430ffff8, 0x0000000743100000| 99%| O|  |TAMS 0x0000000743000000, 0x0000000743000000| Untracked 
|  49|0x0000000743100000, 0x00000007431ffff8, 0x0000000743200000| 99%| O|  |TAMS 0x0000000743100000, 0x0000000743100000| Untracked 
|  50|0x0000000743200000, 0x0000000743300000, 0x0000000743300000|100%| O|  |TAMS 0x0000000743200000, 0x0000000743200000| Untracked 
|  51|0x0000000743300000, 0x0000000743400000, 0x0000000743400000|100%|HS|  |TAMS 0x0000000743300000, 0x0000000743300000| Untracked 
|  52|0x0000000743400000, 0x0000000743500000, 0x0000000743500000|100%|HC|  |TAMS 0x0000000743400000, 0x0000000743400000| Untracked 
|  53|0x0000000743500000, 0x0000000743600000, 0x0000000743600000|100%|HC|  |TAMS 0x0000000743500000, 0x0000000743500000| Untracked 
|  54|0x0000000743600000, 0x0000000743700000, 0x0000000743700000|100%|HC|  |TAMS 0x0000000743600000, 0x0000000743600000| Untracked 
|  55|0x0000000743700000, 0x0000000743800000, 0x0000000743800000|100%|HC|  |TAMS 0x0000000743700000, 0x0000000743700000| Untracked 
|  56|0x0000000743800000, 0x0000000743900000, 0x0000000743900000|100%|HC|  |TAMS 0x0000000743800000, 0x0000000743800000| Untracked 
|  57|0x0000000743900000, 0x0000000743a00000, 0x0000000743a00000|100%|HC|  |TAMS 0x0000000743900000, 0x0000000743900000| Untracked 
|  58|0x0000000743a00000, 0x0000000743b00000, 0x0000000743b00000|100%|HC|  |TAMS 0x0000000743a00000, 0x0000000743a00000| Untracked 
|  59|0x0000000743b00000, 0x0000000743c00000, 0x0000000743c00000|100%|HC|  |TAMS 0x0000000743b00000, 0x0000000743b00000| Untracked 
|  60|0x0000000743c00000, 0x0000000743cfffc8, 0x0000000743d00000| 99%| O|  |TAMS 0x0000000743c00000, 0x0000000743c00000| Untracked 
|  61|0x0000000743d00000, 0x0000000743dfffe8, 0x0000000743e00000| 99%| O|  |TAMS 0x0000000743d00000, 0x0000000743d00000| Untracked 
|  62|0x0000000743e00000, 0x0000000743effff0, 0x0000000743f00000| 99%| O|  |TAMS 0x0000000743e00000, 0x0000000743e00000| Untracked 
|  63|0x0000000743f00000, 0x0000000743fffef0, 0x0000000744000000| 99%| O|  |TAMS 0x0000000743f00000, 0x0000000743f00000| Untracked 
|  64|0x0000000744000000, 0x00000007440ffff8, 0x0000000744100000| 99%| O|  |TAMS 0x0000000744000000, 0x0000000744000000| Untracked 
|  65|0x0000000744100000, 0x0000000744200000, 0x0000000744200000|100%| O|  |TAMS 0x0000000744100000, 0x0000000744100000| Untracked 
|  66|0x0000000744200000, 0x00000007442fff60, 0x0000000744300000| 99%| O|  |TAMS 0x0000000744200000, 0x0000000744200000| Untracked 
|  67|0x0000000744300000, 0x00000007443ffff0, 0x0000000744400000| 99%| O|  |TAMS 0x0000000744300000, 0x0000000744300000| Untracked 
|  68|0x0000000744400000, 0x0000000744500000, 0x0000000744500000|100%| O|  |TAMS 0x0000000744400000, 0x0000000744400000| Untracked 
|  69|0x0000000744500000, 0x00000007445ffff8, 0x0000000744600000| 99%| O|  |TAMS 0x0000000744500000, 0x0000000744500000| Untracked 
|  70|0x0000000744600000, 0x00000007446fffe8, 0x0000000744700000| 99%| O|  |TAMS 0x0000000744600000, 0x0000000744600000| Untracked 
|  71|0x0000000744700000, 0x00000007447ffff8, 0x0000000744800000| 99%| O|  |TAMS 0x0000000744700000, 0x0000000744700000| Untracked 
|  72|0x0000000744800000, 0x00000007448fffe8, 0x0000000744900000| 99%| O|  |TAMS 0x0000000744800000, 0x0000000744800000| Untracked 
|  73|0x0000000744900000, 0x0000000744a00000, 0x0000000744a00000|100%| O|  |TAMS 0x0000000744900000, 0x0000000744900000| Untracked 
|  74|0x0000000744a00000, 0x0000000744affff0, 0x0000000744b00000| 99%| O|  |TAMS 0x0000000744a00000, 0x0000000744a00000| Untracked 
|  75|0x0000000744b00000, 0x0000000744bffff0, 0x0000000744c00000| 99%| O|  |TAMS 0x0000000744b00000, 0x0000000744b00000| Untracked 
|  76|0x0000000744c00000, 0x0000000744d00000, 0x0000000744d00000|100%| O|  |TAMS 0x0000000744c00000, 0x0000000744c00000| Untracked 
|  77|0x0000000744d00000, 0x0000000744dffff8, 0x0000000744e00000| 99%| O|  |TAMS 0x0000000744d00000, 0x0000000744d00000| Untracked 
|  78|0x0000000744e00000, 0x0000000744effff8, 0x0000000744f00000| 99%| O|  |TAMS 0x0000000744e00000, 0x0000000744e00000| Untracked 
|  79|0x0000000744f00000, 0x0000000745000000, 0x0000000745000000|100%| O|  |TAMS 0x0000000744f00000, 0x0000000744f00000| Untracked 
|  80|0x0000000745000000, 0x0000000745100000, 0x0000000745100000|100%| O|  |TAMS 0x0000000745000000, 0x0000000745000000| Untracked 
|  81|0x0000000745100000, 0x00000007451fffd0, 0x0000000745200000| 99%| O|  |TAMS 0x0000000745100000, 0x0000000745100000| Untracked 
|  82|0x0000000745200000, 0x00000007452fffe0, 0x0000000745300000| 99%| O|  |TAMS 0x0000000745200000, 0x0000000745200000| Untracked 
|  83|0x0000000745300000, 0x00000007453fffe8, 0x0000000745400000| 99%| O|  |TAMS 0x0000000745300000, 0x0000000745300000| Untracked 
|  84|0x0000000745400000, 0x00000007454fffe8, 0x0000000745500000| 99%| O|  |TAMS 0x0000000745400000, 0x0000000745400000| Untracked 
|  85|0x0000000745500000, 0x00000007455fff98, 0x0000000745600000| 99%| O|  |TAMS 0x0000000745500000, 0x0000000745500000| Untracked 
|  86|0x0000000745600000, 0x00000007456ffff8, 0x0000000745700000| 99%| O|  |TAMS 0x0000000745600000, 0x0000000745600000| Untracked 
|  87|0x0000000745700000, 0x00000007457ffeb8, 0x0000000745800000| 99%| O|  |TAMS 0x0000000745700000, 0x0000000745700000| Untracked 
|  88|0x0000000745800000, 0x00000007458fffe0, 0x0000000745900000| 99%| O|  |TAMS 0x0000000745800000, 0x0000000745800000| Untracked 
|  89|0x0000000745900000, 0x00000007459ffec8, 0x0000000745a00000| 99%| O|  |TAMS 0x0000000745900000, 0x0000000745900000| Untracked 
|  90|0x0000000745a00000, 0x0000000745afffe8, 0x0000000745b00000| 99%| O|  |TAMS 0x0000000745a00000, 0x0000000745a00000| Untracked 
|  91|0x0000000745b00000, 0x0000000745bffff8, 0x0000000745c00000| 99%| O|  |TAMS 0x0000000745b00000, 0x0000000745b00000| Untracked 
|  92|0x0000000745c00000, 0x0000000745cffe80, 0x0000000745d00000| 99%| O|  |TAMS 0x0000000745c00000, 0x0000000745c00000| Untracked 
|  93|0x0000000745d00000, 0x0000000745dffff8, 0x0000000745e00000| 99%| O|  |TAMS 0x0000000745d00000, 0x0000000745d00000| Untracked 
|  94|0x0000000745e00000, 0x0000000745efffc0, 0x0000000745f00000| 99%| O|  |TAMS 0x0000000745e00000, 0x0000000745e00000| Untracked 
|  95|0x0000000745f00000, 0x0000000745fffff8, 0x0000000746000000| 99%| O|  |TAMS 0x0000000745f00000, 0x0000000745f00000| Untracked 
|  96|0x0000000746000000, 0x00000007460ffff0, 0x0000000746100000| 99%| O|  |TAMS 0x0000000746000000, 0x0000000746000000| Untracked 
|  97|0x0000000746100000, 0x00000007461fff28, 0x0000000746200000| 99%| O|  |TAMS 0x0000000746100000, 0x0000000746100000| Untracked 
|  98|0x0000000746200000, 0x00000007462fe870, 0x0000000746300000| 99%| O|  |TAMS 0x0000000746200000, 0x0000000746200000| Untracked 
|  99|0x0000000746300000, 0x0000000746400000, 0x0000000746400000|100%| O|  |TAMS 0x0000000746300000, 0x0000000746300000| Untracked 
| 100|0x0000000746400000, 0x0000000746500000, 0x0000000746500000|100%| O|  |TAMS 0x0000000746400000, 0x0000000746400000| Untracked 
| 101|0x0000000746500000, 0x00000007465fffe8, 0x0000000746600000| 99%| O|  |TAMS 0x0000000746500000, 0x0000000746500000| Untracked 
| 102|0x0000000746600000, 0x00000007466ffe48, 0x0000000746700000| 99%| O|  |TAMS 0x0000000746600000, 0x0000000746600000| Untracked 
| 103|0x0000000746700000, 0x00000007467ffff0, 0x0000000746800000| 99%| O|  |TAMS 0x0000000746700000, 0x0000000746700000| Untracked 
| 104|0x0000000746800000, 0x00000007468fffd8, 0x0000000746900000| 99%| O|  |TAMS 0x0000000746800000, 0x0000000746800000| Untracked 
| 105|0x0000000746900000, 0x00000007469d6e50, 0x0000000746a00000| 83%| O|  |TAMS 0x0000000746900000, 0x0000000746900000| Untracked 
| 106|0x0000000746a00000, 0x0000000746b00000, 0x0000000746b00000|100%|HS|  |TAMS 0x0000000746a00000, 0x0000000746a00000| Untracked 
| 107|0x0000000746b00000, 0x0000000746bf1a18, 0x0000000746c00000| 94%| O|  |TAMS 0x0000000746b00000, 0x0000000746b00000| Untracked 
| 108|0x0000000746c00000, 0x0000000746caaf10, 0x0000000746d00000| 66%| O|  |TAMS 0x0000000746c00000, 0x0000000746c00000| Untracked 
| 109|0x0000000746d00000, 0x0000000746de3148, 0x0000000746e00000| 88%| O|  |TAMS 0x0000000746d00000, 0x0000000746d00000| Untracked 
| 110|0x0000000746e00000, 0x0000000746e23920, 0x0000000746f00000| 13%| O|  |TAMS 0x0000000746e00000, 0x0000000746e00000| Untracked 
| 111|0x0000000746f00000, 0x0000000746f1b0a0, 0x0000000747000000| 10%| O|  |TAMS 0x0000000746f00000, 0x0000000746f00000| Untracked 
| 112|0x0000000747000000, 0x0000000747100000, 0x0000000747100000|100%|HS|  |TAMS 0x0000000747000000, 0x0000000747000000| Untracked 
| 113|0x0000000747100000, 0x0000000747100000, 0x0000000747200000|  0%| F|  |TAMS 0x0000000747100000, 0x0000000747100000| Untracked 
| 114|0x0000000747200000, 0x0000000747200000, 0x0000000747300000|  0%| F|  |TAMS 0x0000000747200000, 0x0000000747200000| Untracked 
| 115|0x0000000747300000, 0x0000000747300000, 0x0000000747400000|  0%| F|  |TAMS 0x0000000747300000, 0x0000000747300000| Untracked 
| 116|0x0000000747400000, 0x0000000747400000, 0x0000000747500000|  0%| F|  |TAMS 0x0000000747400000, 0x0000000747400000| Untracked 
| 117|0x0000000747500000, 0x0000000747500000, 0x0000000747600000|  0%| F|  |TAMS 0x0000000747500000, 0x0000000747500000| Untracked 
| 118|0x0000000747600000, 0x0000000747600000, 0x0000000747700000|  0%| F|  |TAMS 0x0000000747600000, 0x0000000747600000| Untracked 
| 119|0x0000000747700000, 0x0000000747700000, 0x0000000747800000|  0%| F|  |TAMS 0x0000000747700000, 0x0000000747700000| Untracked 
| 120|0x0000000747800000, 0x0000000747800000, 0x0000000747900000|  0%| F|  |TAMS 0x0000000747800000, 0x0000000747800000| Untracked 
| 121|0x0000000747900000, 0x0000000747900000, 0x0000000747a00000|  0%| F|  |TAMS 0x0000000747900000, 0x0000000747900000| Untracked 
| 122|0x0000000747a00000, 0x0000000747a00000, 0x0000000747b00000|  0%| F|  |TAMS 0x0000000747a00000, 0x0000000747a00000| Untracked 
| 123|0x0000000747b00000, 0x0000000747b00000, 0x0000000747c00000|  0%| F|  |TAMS 0x0000000747b00000, 0x0000000747b00000| Untracked 
| 124|0x0000000747c00000, 0x0000000747c00000, 0x0000000747d00000|  0%| F|  |TAMS 0x0000000747c00000, 0x0000000747c00000| Untracked 
| 125|0x0000000747d00000, 0x0000000747d00000, 0x0000000747e00000|  0%| F|  |TAMS 0x0000000747d00000, 0x0000000747d00000| Untracked 
| 126|0x0000000747e00000, 0x0000000747e00000, 0x0000000747f00000|  0%| F|  |TAMS 0x0000000747e00000, 0x0000000747e00000| Untracked 
| 127|0x0000000747f00000, 0x0000000747f00000, 0x0000000748000000|  0%| F|  |TAMS 0x0000000747f00000, 0x0000000747f00000| Untracked 
| 128|0x0000000748000000, 0x0000000748000000, 0x0000000748100000|  0%| F|  |TAMS 0x0000000748000000, 0x0000000748000000| Untracked 
| 129|0x0000000748100000, 0x0000000748100000, 0x0000000748200000|  0%| F|  |TAMS 0x0000000748100000, 0x0000000748100000| Untracked 
| 130|0x0000000748200000, 0x0000000748200000, 0x0000000748300000|  0%| F|  |TAMS 0x0000000748200000, 0x0000000748200000| Untracked 
| 131|0x0000000748300000, 0x0000000748300000, 0x0000000748400000|  0%| F|  |TAMS 0x0000000748300000, 0x0000000748300000| Untracked 
| 132|0x0000000748400000, 0x0000000748400000, 0x0000000748500000|  0%| F|  |TAMS 0x0000000748400000, 0x0000000748400000| Untracked 
| 133|0x0000000748500000, 0x0000000748500000, 0x0000000748600000|  0%| F|  |TAMS 0x0000000748500000, 0x0000000748500000| Untracked 
| 134|0x0000000748600000, 0x0000000748600000, 0x0000000748700000|  0%| F|  |TAMS 0x0000000748600000, 0x0000000748600000| Untracked 
| 135|0x0000000748700000, 0x0000000748700000, 0x0000000748800000|  0%| F|  |TAMS 0x0000000748700000, 0x0000000748700000| Untracked 
| 136|0x0000000748800000, 0x0000000748800000, 0x0000000748900000|  0%| F|  |TAMS 0x0000000748800000, 0x0000000748800000| Untracked 
| 137|0x0000000748900000, 0x0000000748900000, 0x0000000748a00000|  0%| F|  |TAMS 0x0000000748900000, 0x0000000748900000| Untracked 
| 138|0x0000000748a00000, 0x0000000748a00000, 0x0000000748b00000|  0%| F|  |TAMS 0x0000000748a00000, 0x0000000748a00000| Untracked 
| 139|0x0000000748b00000, 0x0000000748b00000, 0x0000000748c00000|  0%| F|  |TAMS 0x0000000748b00000, 0x0000000748b00000| Untracked 
| 140|0x0000000748c00000, 0x0000000748c00000, 0x0000000748d00000|  0%| F|  |TAMS 0x0000000748c00000, 0x0000000748c00000| Untracked 
| 141|0x0000000748d00000, 0x0000000748d00000, 0x0000000748e00000|  0%| F|  |TAMS 0x0000000748d00000, 0x0000000748d00000| Untracked 
| 142|0x0000000748e00000, 0x0000000748e00000, 0x0000000748f00000|  0%| F|  |TAMS 0x0000000748e00000, 0x0000000748e00000| Untracked 
| 143|0x0000000748f00000, 0x0000000748f00000, 0x0000000749000000|  0%| F|  |TAMS 0x0000000748f00000, 0x0000000748f00000| Untracked 
| 144|0x0000000749000000, 0x0000000749000000, 0x0000000749100000|  0%| F|  |TAMS 0x0000000749000000, 0x0000000749000000| Untracked 
| 145|0x0000000749100000, 0x0000000749100000, 0x0000000749200000|  0%| F|  |TAMS 0x0000000749100000, 0x0000000749100000| Untracked 
| 146|0x0000000749200000, 0x0000000749200000, 0x0000000749300000|  0%| F|  |TAMS 0x0000000749200000, 0x0000000749200000| Untracked 
| 147|0x0000000749300000, 0x0000000749300000, 0x0000000749400000|  0%| F|  |TAMS 0x0000000749300000, 0x0000000749300000| Untracked 
| 148|0x0000000749400000, 0x0000000749400000, 0x0000000749500000|  0%| F|  |TAMS 0x0000000749400000, 0x0000000749400000| Untracked 
| 149|0x0000000749500000, 0x0000000749500000, 0x0000000749600000|  0%| F|  |TAMS 0x0000000749500000, 0x0000000749500000| Untracked 
| 150|0x0000000749600000, 0x0000000749600000, 0x0000000749700000|  0%| F|  |TAMS 0x0000000749600000, 0x0000000749600000| Untracked 
| 151|0x0000000749700000, 0x0000000749700000, 0x0000000749800000|  0%| F|  |TAMS 0x0000000749700000, 0x0000000749700000| Untracked 
| 152|0x0000000749800000, 0x0000000749800000, 0x0000000749900000|  0%| F|  |TAMS 0x0000000749800000, 0x0000000749800000| Untracked 
| 153|0x0000000749900000, 0x0000000749900000, 0x0000000749a00000|  0%| F|  |TAMS 0x0000000749900000, 0x0000000749900000| Untracked 
| 154|0x0000000749a00000, 0x0000000749a00000, 0x0000000749b00000|  0%| F|  |TAMS 0x0000000749a00000, 0x0000000749a00000| Untracked 
| 155|0x0000000749b00000, 0x0000000749b00000, 0x0000000749c00000|  0%| F|  |TAMS 0x0000000749b00000, 0x0000000749b00000| Untracked 
| 156|0x0000000749c00000, 0x0000000749c00000, 0x0000000749d00000|  0%| F|  |TAMS 0x0000000749c00000, 0x0000000749c00000| Untracked 
| 157|0x0000000749d00000, 0x0000000749d00000, 0x0000000749e00000|  0%| F|  |TAMS 0x0000000749d00000, 0x0000000749d00000| Untracked 
| 158|0x0000000749e00000, 0x0000000749e00000, 0x0000000749f00000|  0%| F|  |TAMS 0x0000000749e00000, 0x0000000749e00000| Untracked 
| 159|0x0000000749f00000, 0x0000000749f00000, 0x000000074a000000|  0%| F|  |TAMS 0x0000000749f00000, 0x0000000749f00000| Untracked 
| 160|0x000000074a000000, 0x000000074a000000, 0x000000074a100000|  0%| F|  |TAMS 0x000000074a000000, 0x000000074a000000| Untracked 
| 161|0x000000074a100000, 0x000000074a100000, 0x000000074a200000|  0%| F|  |TAMS 0x000000074a100000, 0x000000074a100000| Untracked 
| 162|0x000000074a200000, 0x000000074a200000, 0x000000074a300000|  0%| F|  |TAMS 0x000000074a200000, 0x000000074a200000| Untracked 
| 163|0x000000074a300000, 0x000000074a300000, 0x000000074a400000|  0%| F|  |TAMS 0x000000074a300000, 0x000000074a300000| Untracked 
| 164|0x000000074a400000, 0x000000074a400000, 0x000000074a500000|  0%| F|  |TAMS 0x000000074a400000, 0x000000074a400000| Untracked 
| 165|0x000000074a500000, 0x000000074a500000, 0x000000074a600000|  0%| F|  |TAMS 0x000000074a500000, 0x000000074a500000| Untracked 
| 166|0x000000074a600000, 0x000000074a600000, 0x000000074a700000|  0%| F|  |TAMS 0x000000074a600000, 0x000000074a600000| Untracked 
| 167|0x000000074a700000, 0x000000074a700000, 0x000000074a800000|  0%| F|  |TAMS 0x000000074a700000, 0x000000074a700000| Untracked 
| 168|0x000000074a800000, 0x000000074a800000, 0x000000074a900000|  0%| F|  |TAMS 0x000000074a800000, 0x000000074a800000| Untracked 
| 169|0x000000074a900000, 0x000000074a900000, 0x000000074aa00000|  0%| F|  |TAMS 0x000000074a900000, 0x000000074a900000| Untracked 
| 170|0x000000074aa00000, 0x000000074aa00000, 0x000000074ab00000|  0%| F|  |TAMS 0x000000074aa00000, 0x000000074aa00000| Untracked 
| 171|0x000000074ab00000, 0x000000074ab00000, 0x000000074ac00000|  0%| F|  |TAMS 0x000000074ab00000, 0x000000074ab00000| Untracked 
| 172|0x000000074ac00000, 0x000000074ac00000, 0x000000074ad00000|  0%| F|  |TAMS 0x000000074ac00000, 0x000000074ac00000| Untracked 
| 173|0x000000074ad00000, 0x000000074ad00000, 0x000000074ae00000|  0%| F|  |TAMS 0x000000074ad00000, 0x000000074ad00000| Untracked 
| 174|0x000000074ae00000, 0x000000074ae00000, 0x000000074af00000|  0%| F|  |TAMS 0x000000074ae00000, 0x000000074ae00000| Untracked 
| 175|0x000000074af00000, 0x000000074af00000, 0x000000074b000000|  0%| F|  |TAMS 0x000000074af00000, 0x000000074af00000| Untracked 
| 176|0x000000074b000000, 0x000000074b000000, 0x000000074b100000|  0%| F|  |TAMS 0x000000074b000000, 0x000000074b000000| Untracked 
| 177|0x000000074b100000, 0x000000074b100000, 0x000000074b200000|  0%| F|  |TAMS 0x000000074b100000, 0x000000074b100000| Untracked 
| 178|0x000000074b200000, 0x000000074b200000, 0x000000074b300000|  0%| F|  |TAMS 0x000000074b200000, 0x000000074b200000| Untracked 
| 179|0x000000074b300000, 0x000000074b300000, 0x000000074b400000|  0%| F|  |TAMS 0x000000074b300000, 0x000000074b300000| Untracked 
| 180|0x000000074b400000, 0x000000074b400000, 0x000000074b500000|  0%| F|  |TAMS 0x000000074b400000, 0x000000074b400000| Untracked 
| 181|0x000000074b500000, 0x000000074b500000, 0x000000074b600000|  0%| F|  |TAMS 0x000000074b500000, 0x000000074b500000| Untracked 
| 182|0x000000074b600000, 0x000000074b600000, 0x000000074b700000|  0%| F|  |TAMS 0x000000074b600000, 0x000000074b600000| Untracked 
| 183|0x000000074b700000, 0x000000074b700000, 0x000000074b800000|  0%| F|  |TAMS 0x000000074b700000, 0x000000074b700000| Untracked 
| 184|0x000000074b800000, 0x000000074b800000, 0x000000074b900000|  0%| F|  |TAMS 0x000000074b800000, 0x000000074b800000| Untracked 
| 185|0x000000074b900000, 0x000000074b900000, 0x000000074ba00000|  0%| F|  |TAMS 0x000000074b900000, 0x000000074b900000| Untracked 
| 186|0x000000074ba00000, 0x000000074ba00000, 0x000000074bb00000|  0%| F|  |TAMS 0x000000074ba00000, 0x000000074ba00000| Untracked 
| 187|0x000000074bb00000, 0x000000074bb00000, 0x000000074bc00000|  0%| F|  |TAMS 0x000000074bb00000, 0x000000074bb00000| Untracked 
| 188|0x000000074bc00000, 0x000000074bc00000, 0x000000074bd00000|  0%| F|  |TAMS 0x000000074bc00000, 0x000000074bc00000| Untracked 
| 189|0x000000074bd00000, 0x000000074bd00000, 0x000000074be00000|  0%| F|  |TAMS 0x000000074bd00000, 0x000000074bd00000| Untracked 
| 190|0x000000074be00000, 0x000000074be00000, 0x000000074bf00000|  0%| F|  |TAMS 0x000000074be00000, 0x000000074be00000| Untracked 
| 191|0x000000074bf00000, 0x000000074bf00000, 0x000000074c000000|  0%| F|  |TAMS 0x000000074bf00000, 0x000000074bf00000| Untracked 
| 192|0x000000074c000000, 0x000000074c000000, 0x000000074c100000|  0%| F|  |TAMS 0x000000074c000000, 0x000000074c000000| Untracked 
| 193|0x000000074c100000, 0x000000074c100000, 0x000000074c200000|  0%| F|  |TAMS 0x000000074c100000, 0x000000074c100000| Untracked 
| 194|0x000000074c200000, 0x000000074c200000, 0x000000074c300000|  0%| F|  |TAMS 0x000000074c200000, 0x000000074c200000| Untracked 
| 195|0x000000074c300000, 0x000000074c300000, 0x000000074c400000|  0%| F|  |TAMS 0x000000074c300000, 0x000000074c300000| Untracked 
| 196|0x000000074c400000, 0x000000074c400000, 0x000000074c500000|  0%| F|  |TAMS 0x000000074c400000, 0x000000074c400000| Untracked 
| 197|0x000000074c500000, 0x000000074c500000, 0x000000074c600000|  0%| F|  |TAMS 0x000000074c500000, 0x000000074c500000| Untracked 
| 198|0x000000074c600000, 0x000000074c600000, 0x000000074c700000|  0%| F|  |TAMS 0x000000074c600000, 0x000000074c600000| Untracked 
| 199|0x000000074c700000, 0x000000074c700000, 0x000000074c800000|  0%| F|  |TAMS 0x000000074c700000, 0x000000074c700000| Untracked 
| 200|0x000000074c800000, 0x000000074c800000, 0x000000074c900000|  0%| F|  |TAMS 0x000000074c800000, 0x000000074c800000| Untracked 
| 201|0x000000074c900000, 0x000000074c900000, 0x000000074ca00000|  0%| F|  |TAMS 0x000000074c900000, 0x000000074c900000| Untracked 
| 202|0x000000074ca00000, 0x000000074ca00000, 0x000000074cb00000|  0%| F|  |TAMS 0x000000074ca00000, 0x000000074ca00000| Untracked 
| 203|0x000000074cb00000, 0x000000074cb00000, 0x000000074cc00000|  0%| F|  |TAMS 0x000000074cb00000, 0x000000074cb00000| Untracked 
| 204|0x000000074cc00000, 0x000000074cc00000, 0x000000074cd00000|  0%| F|  |TAMS 0x000000074cc00000, 0x000000074cc00000| Untracked 
| 205|0x000000074cd00000, 0x000000074cd00000, 0x000000074ce00000|  0%| F|  |TAMS 0x000000074cd00000, 0x000000074cd00000| Untracked 
| 206|0x000000074ce00000, 0x000000074ce00000, 0x000000074cf00000|  0%| F|  |TAMS 0x000000074ce00000, 0x000000074ce00000| Untracked 
| 207|0x000000074cf00000, 0x000000074cf00000, 0x000000074d000000|  0%| F|  |TAMS 0x000000074cf00000, 0x000000074cf00000| Untracked 
| 208|0x000000074d000000, 0x000000074d01a668, 0x000000074d100000| 10%| O|  |TAMS 0x000000074d000000, 0x000000074d000000| Untracked 
| 209|0x000000074d100000, 0x000000074d100000, 0x000000074d200000|  0%| F|  |TAMS 0x000000074d100000, 0x000000074d100000| Untracked 
| 210|0x000000074d200000, 0x000000074d200000, 0x000000074d300000|  0%| F|  |TAMS 0x000000074d200000, 0x000000074d200000| Untracked 
| 211|0x000000074d300000, 0x000000074d300000, 0x000000074d400000|  0%| F|  |TAMS 0x000000074d300000, 0x000000074d300000| Untracked 
| 212|0x000000074d400000, 0x000000074d400000, 0x000000074d500000|  0%| F|  |TAMS 0x000000074d400000, 0x000000074d400000| Untracked 
| 213|0x000000074d500000, 0x000000074d500000, 0x000000074d600000|  0%| F|  |TAMS 0x000000074d500000, 0x000000074d500000| Untracked 
| 214|0x000000074d600000, 0x000000074d600000, 0x000000074d700000|  0%| F|  |TAMS 0x000000074d600000, 0x000000074d600000| Untracked 
| 215|0x000000074d700000, 0x000000074d700000, 0x000000074d800000|  0%| F|  |TAMS 0x000000074d700000, 0x000000074d700000| Untracked 
| 216|0x000000074d800000, 0x000000074d800000, 0x000000074d900000|  0%| F|  |TAMS 0x000000074d800000, 0x000000074d800000| Untracked 
| 217|0x000000074d900000, 0x000000074d900000, 0x000000074da00000|  0%| F|  |TAMS 0x000000074d900000, 0x000000074d900000| Untracked 
| 218|0x000000074da00000, 0x000000074da00000, 0x000000074db00000|  0%| F|  |TAMS 0x000000074da00000, 0x000000074da00000| Untracked 
| 219|0x000000074db00000, 0x000000074db00000, 0x000000074dc00000|  0%| F|  |TAMS 0x000000074db00000, 0x000000074db00000| Untracked 
| 220|0x000000074dc00000, 0x000000074dc00000, 0x000000074dd00000|  0%| F|  |TAMS 0x000000074dc00000, 0x000000074dc00000| Untracked 
| 221|0x000000074dd00000, 0x000000074dd00000, 0x000000074de00000|  0%| F|  |TAMS 0x000000074dd00000, 0x000000074dd00000| Untracked 
| 222|0x000000074de00000, 0x000000074de00000, 0x000000074df00000|  0%| F|  |TAMS 0x000000074de00000, 0x000000074de00000| Untracked 
| 223|0x000000074df00000, 0x000000074df00000, 0x000000074e000000|  0%| F|  |TAMS 0x000000074df00000, 0x000000074df00000| Untracked 
| 224|0x000000074e000000, 0x000000074e000000, 0x000000074e100000|  0%| F|  |TAMS 0x000000074e000000, 0x000000074e000000| Untracked 
| 225|0x000000074e100000, 0x000000074e100000, 0x000000074e200000|  0%| F|  |TAMS 0x000000074e100000, 0x000000074e100000| Untracked 
| 226|0x000000074e200000, 0x000000074e200000, 0x000000074e300000|  0%| F|  |TAMS 0x000000074e200000, 0x000000074e200000| Untracked 
| 227|0x000000074e300000, 0x000000074e300000, 0x000000074e400000|  0%| F|  |TAMS 0x000000074e300000, 0x000000074e300000| Untracked 
| 228|0x000000074e400000, 0x000000074e400000, 0x000000074e500000|  0%| F|  |TAMS 0x000000074e400000, 0x000000074e400000| Untracked 
| 229|0x000000074e500000, 0x000000074e500000, 0x000000074e600000|  0%| F|  |TAMS 0x000000074e500000, 0x000000074e500000| Untracked 
| 230|0x000000074e600000, 0x000000074e600000, 0x000000074e700000|  0%| F|  |TAMS 0x000000074e600000, 0x000000074e600000| Untracked 
| 231|0x000000074e700000, 0x000000074e700000, 0x000000074e800000|  0%| F|  |TAMS 0x000000074e700000, 0x000000074e700000| Untracked 
| 232|0x000000074e800000, 0x000000074e800000, 0x000000074e900000|  0%| F|  |TAMS 0x000000074e800000, 0x000000074e800000| Untracked 
| 233|0x000000074e900000, 0x000000074e900000, 0x000000074ea00000|  0%| F|  |TAMS 0x000000074e900000, 0x000000074e900000| Untracked 
| 234|0x000000074ea00000, 0x000000074ea00000, 0x000000074eb00000|  0%| F|  |TAMS 0x000000074ea00000, 0x000000074ea00000| Untracked 
| 235|0x000000074eb00000, 0x000000074eb00000, 0x000000074ec00000|  0%| F|  |TAMS 0x000000074eb00000, 0x000000074eb00000| Untracked 
| 236|0x000000074ec00000, 0x000000074ec00000, 0x000000074ed00000|  0%| F|  |TAMS 0x000000074ec00000, 0x000000074ec00000| Untracked 
| 237|0x000000074ed00000, 0x000000074ed00000, 0x000000074ee00000|  0%| F|  |TAMS 0x000000074ed00000, 0x000000074ed00000| Untracked 
| 238|0x000000074ee00000, 0x000000074ee00000, 0x000000074ef00000|  0%| F|  |TAMS 0x000000074ee00000, 0x000000074ee00000| Untracked 
| 239|0x000000074ef00000, 0x000000074ef00000, 0x000000074f000000|  0%| F|  |TAMS 0x000000074ef00000, 0x000000074ef00000| Untracked 
| 240|0x000000074f000000, 0x000000074f000000, 0x000000074f100000|  0%| F|  |TAMS 0x000000074f000000, 0x000000074f000000| Untracked 
| 241|0x000000074f100000, 0x000000074f100000, 0x000000074f200000|  0%| F|  |TAMS 0x000000074f100000, 0x000000074f100000| Untracked 
| 242|0x000000074f200000, 0x000000074f200000, 0x000000074f300000|  0%| F|  |TAMS 0x000000074f200000, 0x000000074f200000| Untracked 
| 243|0x000000074f300000, 0x000000074f300000, 0x000000074f400000|  0%| F|  |TAMS 0x000000074f300000, 0x000000074f300000| Untracked 
| 244|0x000000074f400000, 0x000000074f400000, 0x000000074f500000|  0%| F|  |TAMS 0x000000074f400000, 0x000000074f400000| Untracked 
| 245|0x000000074f500000, 0x000000074f500000, 0x000000074f600000|  0%| F|  |TAMS 0x000000074f500000, 0x000000074f500000| Untracked 
| 246|0x000000074f600000, 0x000000074f600000, 0x000000074f700000|  0%| F|  |TAMS 0x000000074f600000, 0x000000074f600000| Untracked 
| 247|0x000000074f700000, 0x000000074f700000, 0x000000074f800000|  0%| F|  |TAMS 0x000000074f700000, 0x000000074f700000| Untracked 
| 248|0x000000074f800000, 0x000000074f800000, 0x000000074f900000|  0%| F|  |TAMS 0x000000074f800000, 0x000000074f800000| Untracked 
| 249|0x000000074f900000, 0x000000074f900000, 0x000000074fa00000|  0%| F|  |TAMS 0x000000074f900000, 0x000000074f900000| Untracked 
| 250|0x000000074fa00000, 0x000000074fa00000, 0x000000074fb00000|  0%| F|  |TAMS 0x000000074fa00000, 0x000000074fa00000| Untracked 
| 251|0x000000074fb00000, 0x000000074fb00000, 0x000000074fc00000|  0%| F|  |TAMS 0x000000074fb00000, 0x000000074fb00000| Untracked 
| 252|0x000000074fc00000, 0x000000074fc00000, 0x000000074fd00000|  0%| F|  |TAMS 0x000000074fc00000, 0x000000074fc00000| Untracked 
| 253|0x000000074fd00000, 0x000000074fd00000, 0x000000074fe00000|  0%| F|  |TAMS 0x000000074fd00000, 0x000000074fd00000| Untracked 
| 254|0x000000074fe00000, 0x000000074fe00000, 0x000000074ff00000|  0%| F|  |TAMS 0x000000074fe00000, 0x000000074fe00000| Untracked 
| 255|0x000000074ff00000, 0x000000074ff00000, 0x0000000750000000|  0%| F|  |TAMS 0x000000074ff00000, 0x000000074ff00000| Untracked 
| 256|0x0000000750000000, 0x0000000750000000, 0x0000000750100000|  0%| F|  |TAMS 0x0000000750000000, 0x0000000750000000| Untracked 
| 257|0x0000000750100000, 0x0000000750100000, 0x0000000750200000|  0%| F|  |TAMS 0x0000000750100000, 0x0000000750100000| Untracked 
| 258|0x0000000750200000, 0x0000000750200000, 0x0000000750300000|  0%| F|  |TAMS 0x0000000750200000, 0x0000000750200000| Untracked 
| 259|0x0000000750300000, 0x0000000750300000, 0x0000000750400000|  0%| F|  |TAMS 0x0000000750300000, 0x0000000750300000| Untracked 
| 260|0x0000000750400000, 0x0000000750400000, 0x0000000750500000|  0%| F|  |TAMS 0x0000000750400000, 0x0000000750400000| Untracked 
| 261|0x0000000750500000, 0x0000000750500000, 0x0000000750600000|  0%| F|  |TAMS 0x0000000750500000, 0x0000000750500000| Untracked 
| 262|0x0000000750600000, 0x0000000750600000, 0x0000000750700000|  0%| F|  |TAMS 0x0000000750600000, 0x0000000750600000| Untracked 
| 263|0x0000000750700000, 0x0000000750700000, 0x0000000750800000|  0%| F|  |TAMS 0x0000000750700000, 0x0000000750700000| Untracked 
| 264|0x0000000750800000, 0x0000000750800000, 0x0000000750900000|  0%| F|  |TAMS 0x0000000750800000, 0x0000000750800000| Untracked 
| 265|0x0000000750900000, 0x0000000750900000, 0x0000000750a00000|  0%| F|  |TAMS 0x0000000750900000, 0x0000000750900000| Untracked 
| 266|0x0000000750a00000, 0x0000000750a00000, 0x0000000750b00000|  0%| F|  |TAMS 0x0000000750a00000, 0x0000000750a00000| Untracked 
| 267|0x0000000750b00000, 0x0000000750b00000, 0x0000000750c00000|  0%| F|  |TAMS 0x0000000750b00000, 0x0000000750b00000| Untracked 
| 268|0x0000000750c00000, 0x0000000750c01b88, 0x0000000750d00000|  0%| E|  |TAMS 0x0000000750c00000, 0x0000000750c00000| Complete 
| 269|0x0000000750d00000, 0x0000000750e00000, 0x0000000750e00000|100%| E|CS|TAMS 0x0000000750d00000, 0x0000000750d00000| Complete 
| 270|0x0000000750e00000, 0x0000000750f00000, 0x0000000750f00000|100%| E|CS|TAMS 0x0000000750e00000, 0x0000000750e00000| Complete 
| 271|0x0000000750f00000, 0x0000000751000000, 0x0000000751000000|100%| E|CS|TAMS 0x0000000750f00000, 0x0000000750f00000| Complete 
| 272|0x0000000751000000, 0x0000000751100000, 0x0000000751100000|100%| E|CS|TAMS 0x0000000751000000, 0x0000000751000000| Complete 
| 273|0x0000000751100000, 0x0000000751200000, 0x0000000751200000|100%| E|CS|TAMS 0x0000000751100000, 0x0000000751100000| Complete 
| 274|0x0000000751200000, 0x0000000751300000, 0x0000000751300000|100%| E|CS|TAMS 0x0000000751200000, 0x0000000751200000| Complete 
| 275|0x0000000751300000, 0x0000000751400000, 0x0000000751400000|100%| E|CS|TAMS 0x0000000751300000, 0x0000000751300000| Complete 
| 276|0x0000000751400000, 0x0000000751500000, 0x0000000751500000|100%| E|CS|TAMS 0x0000000751400000, 0x0000000751400000| Complete 
| 277|0x0000000751500000, 0x0000000751600000, 0x0000000751600000|100%| E|CS|TAMS 0x0000000751500000, 0x0000000751500000| Complete 
| 278|0x0000000751600000, 0x0000000751700000, 0x0000000751700000|100%| E|CS|TAMS 0x0000000751600000, 0x0000000751600000| Complete 
| 279|0x0000000751700000, 0x0000000751800000, 0x0000000751800000|100%| E|CS|TAMS 0x0000000751700000, 0x0000000751700000| Complete 
| 280|0x0000000751800000, 0x0000000751900000, 0x0000000751900000|100%| E|CS|TAMS 0x0000000751800000, 0x0000000751800000| Complete 
| 281|0x0000000751900000, 0x0000000751a00000, 0x0000000751a00000|100%| E|CS|TAMS 0x0000000751900000, 0x0000000751900000| Complete 
| 282|0x0000000751a00000, 0x0000000751b00000, 0x0000000751b00000|100%| E|CS|TAMS 0x0000000751a00000, 0x0000000751a00000| Complete 
| 283|0x0000000751b00000, 0x0000000751c00000, 0x0000000751c00000|100%| E|CS|TAMS 0x0000000751b00000, 0x0000000751b00000| Complete 
| 284|0x0000000751c00000, 0x0000000751d00000, 0x0000000751d00000|100%| E|CS|TAMS 0x0000000751c00000, 0x0000000751c00000| Complete 
| 285|0x0000000751d00000, 0x0000000751e00000, 0x0000000751e00000|100%| E|CS|TAMS 0x0000000751d00000, 0x0000000751d00000| Complete 
| 286|0x0000000751e00000, 0x0000000751f00000, 0x0000000751f00000|100%| E|CS|TAMS 0x0000000751e00000, 0x0000000751e00000| Complete 
| 287|0x0000000751f00000, 0x0000000752000000, 0x0000000752000000|100%| E|CS|TAMS 0x0000000751f00000, 0x0000000751f00000| Complete 
| 288|0x0000000752000000, 0x0000000752100000, 0x0000000752100000|100%| E|CS|TAMS 0x0000000752000000, 0x0000000752000000| Complete 
| 289|0x0000000752100000, 0x0000000752200000, 0x0000000752200000|100%| E|CS|TAMS 0x0000000752100000, 0x0000000752100000| Complete 
| 290|0x0000000752200000, 0x0000000752300000, 0x0000000752300000|100%| E|CS|TAMS 0x0000000752200000, 0x0000000752200000| Complete 
| 291|0x0000000752300000, 0x0000000752400000, 0x0000000752400000|100%| E|CS|TAMS 0x0000000752300000, 0x0000000752300000| Complete 
| 292|0x0000000752400000, 0x0000000752500000, 0x0000000752500000|100%| E|CS|TAMS 0x0000000752400000, 0x0000000752400000| Complete 
| 293|0x0000000752500000, 0x0000000752600000, 0x0000000752600000|100%| E|CS|TAMS 0x0000000752500000, 0x0000000752500000| Complete 
| 294|0x0000000752600000, 0x0000000752700000, 0x0000000752700000|100%| E|CS|TAMS 0x0000000752600000, 0x0000000752600000| Complete 
| 295|0x0000000752700000, 0x0000000752800000, 0x0000000752800000|100%| E|CS|TAMS 0x0000000752700000, 0x0000000752700000| Complete 
| 296|0x0000000752800000, 0x0000000752900000, 0x0000000752900000|100%| E|CS|TAMS 0x0000000752800000, 0x0000000752800000| Complete 
| 297|0x0000000752900000, 0x0000000752a00000, 0x0000000752a00000|100%| E|CS|TAMS 0x0000000752900000, 0x0000000752900000| Complete 
| 298|0x0000000752a00000, 0x0000000752b00000, 0x0000000752b00000|100%| E|CS|TAMS 0x0000000752a00000, 0x0000000752a00000| Complete 
| 299|0x0000000752b00000, 0x0000000752c00000, 0x0000000752c00000|100%| E|CS|TAMS 0x0000000752b00000, 0x0000000752b00000| Complete 
| 300|0x0000000752c00000, 0x0000000752d00000, 0x0000000752d00000|100%| E|CS|TAMS 0x0000000752c00000, 0x0000000752c00000| Complete 
| 301|0x0000000752d00000, 0x0000000752e00000, 0x0000000752e00000|100%| E|CS|TAMS 0x0000000752d00000, 0x0000000752d00000| Complete 
| 302|0x0000000752e00000, 0x0000000752f00000, 0x0000000752f00000|100%| E|CS|TAMS 0x0000000752e00000, 0x0000000752e00000| Complete 
| 303|0x0000000752f00000, 0x0000000753000000, 0x0000000753000000|100%| E|CS|TAMS 0x0000000752f00000, 0x0000000752f00000| Complete 
| 304|0x0000000753000000, 0x0000000753100000, 0x0000000753100000|100%| E|CS|TAMS 0x0000000753000000, 0x0000000753000000| Complete 
| 305|0x0000000753100000, 0x0000000753200000, 0x0000000753200000|100%| E|CS|TAMS 0x0000000753100000, 0x0000000753100000| Complete 
| 306|0x0000000753200000, 0x0000000753300000, 0x0000000753300000|100%| E|CS|TAMS 0x0000000753200000, 0x0000000753200000| Complete 
| 307|0x0000000753300000, 0x0000000753400000, 0x0000000753400000|100%| E|CS|TAMS 0x0000000753300000, 0x0000000753300000| Complete 

Card table byte_map: [0x0000016da99e0000,0x0000016da9fe0000] _byte_map_base: 0x0000016da5fe0000

Marking Bits (Prev, Next): (CMBitMap*) 0x0000016d8fcbf840, (CMBitMap*) 0x0000016d8fcbf808
 Prev Bits: [0x0000016dad5e0000, 0x0000016db05e0000)
 Next Bits: [0x0000016daa5e0000, 0x0000016dad5e0000)

Polling page: 0x0000016d89bd0000

Metaspace:

Usage:
  Non-class:     84.78 MB capacity,    83.94 MB (>99%) used,   645.16 KB ( <1%) free+waste,   219.00 KB ( <1%) overhead. 
      Class:     12.53 MB capacity,    11.91 MB ( 95%) used,   543.95 KB (  4%) free+waste,    97.19 KB ( <1%) overhead. 
       Both:     97.31 MB capacity,    95.84 MB ( 98%) used,     1.16 MB (  1%) free+waste,   316.19 KB ( <1%) overhead. 

Virtual space:
  Non-class space:       88.00 MB reserved,      86.92 MB ( 99%) committed 
      Class space:        1.00 GB reserved,      13.63 MB (  1%) committed 
             Both:        1.09 GB reserved,     100.54 MB (  9%) committed 

Chunk freelists:
   Non-Class:  2.08 MB
       Class:  1.06 MB
        Both:  3.14 MB

MaxMetaspaceSize: 17179869184.00 GB
CompressedClassSpaceSize: 1.00 GB

CodeHeap 'non-profiled nmethods': size=120000Kb used=26455Kb max_used=26455Kb free=93545Kb
 bounds [0x0000016da1eb0000, 0x0000016da3890000, 0x0000016da93e0000]
CodeHeap 'profiled nmethods': size=120000Kb used=52804Kb max_used=52804Kb free=67195Kb
 bounds [0x0000016d9a980000, 0x0000016d9dd80000, 0x0000016da1eb0000]
CodeHeap 'non-nmethods': size=5760Kb used=1704Kb max_used=1752Kb free=4055Kb
 bounds [0x0000016d9a3e0000, 0x0000016d9a650000, 0x0000016d9a980000]
 total_blobs=22555 nmethods=21272 adapters=1188
 compilation: enabled
              stopped_count=0, restarted_count=0
 full_count=0

Compilation events (20 events):
Event: 3322.037 Thread 0x0000016d904c4000 27011       4       ui.utils.swing.u.Z::a (223 bytes)
Event: 3322.052 Thread 0x0000016d904c4000 nmethod 27011 0x0000016da3889f10 code [0x0000016da388a340, 0x0000016da388b7f0]
Event: 3322.785 Thread 0x0000016d904c5800 27013       3       javax.swing.JTabbedPane::removeAll (27 bytes)
Event: 3322.785 Thread 0x0000016d904c5800 nmethod 27013 0x0000016d9c8a6310 code [0x0000016d9c8a6500, 0x0000016d9c8a6988]
Event: 3322.785 Thread 0x0000016d904c5800 27012       3       com.jidesoft.swing.JideTabbedPane::removeAll (9 bytes)
Event: 3322.786 Thread 0x0000016d904c5800 nmethod 27012 0x0000016d9c8d4b90 code [0x0000016d9c8d4da0, 0x0000016d9c8d5358]
Event: 3322.787 Thread 0x0000016d904c4000 27014       4       ui.views.c.dG::fNq (156 bytes)
Event: 3322.789 Thread 0x0000016d904c4000 nmethod 27014 0x0000016da3367c10 code [0x0000016da3367e00, 0x0000016da3368230]
Event: 3323.808 Thread 0x0000016d904c5800 27015       3       de.javasoft.plaf.synthetica.styles.ProgressBarStyle::getStyle (33 bytes)
Event: 3323.809 Thread 0x0000016d904c5800 nmethod 27015 0x0000016d9c8e1390 code [0x0000016d9c8e1580, 0x0000016d9c8e1ac8]
Event: 3323.828 Thread 0x0000016d904c5800 27016       3       ui.data.chipscope.v::aXE (16 bytes)
Event: 3323.828 Thread 0x0000016d904c5800 nmethod 27016 0x0000016d9c589990 code [0x0000016d9c589b40, 0x0000016d9c589d68]
Event: 3323.837 Thread 0x0000016d904c5800 27017       3       ui.views.bR::dg (46 bytes)
Event: 3323.838 Thread 0x0000016d904c5800 nmethod 27017 0x0000016d9caa1990 code [0x0000016d9caa1ba0, 0x0000016d9caa2428]
Event: 3323.838 Thread 0x0000016d904c5800 27018       3       ui.views.cg::iVl (103 bytes)
Event: 3323.839 Thread 0x0000016d904c5800 nmethod 27018 0x0000016d9dd71310 code [0x0000016d9dd715c0, 0x0000016d9dd72918]
Event: 3323.845 Thread 0x0000016d904c5800 27019       3       sun.awt.im.ExecutableInputMethodManager::hasMultipleInputMethods (28 bytes)
Event: 3323.845 Thread 0x0000016d904c5800 nmethod 27019 0x0000016d9c4c9790 code [0x0000016d9c4c9940, 0x0000016d9c4c9b18]
Event: 3324.147 Thread 0x0000016d904c5800 27020       1       ui.views.v.a.j::juA (5 bytes)
Event: 3324.147 Thread 0x0000016d904c5800 nmethod 27020 0x0000016da32d2490 code [0x0000016da32d2640, 0x0000016da32d26f8]

GC Heap History (20 events):
Event: 3293.675 GC heap before
{Heap before GC invocations=539 (full 243):
 garbage-first heap   total 315392K, used 137908K [0x0000000740000000, 0x0000000800000000)
  region size 1024K, 24 young (24576K), 0 survivors (0K)
 Metaspace       used 97980K, capacity 99452K, committed 102700K, reserved 1138688K
  class space    used 12190K, capacity 12832K, committed 13952K, reserved 1048576K
}
Event: 3293.759 GC heap after
{Heap after GC invocations=540 (full 244):
 garbage-first heap   total 315392K, used 113307K [0x0000000740000000, 0x0000000800000000)
  region size 1024K, 0 young (0K), 0 survivors (0K)
 Metaspace       used 97980K, capacity 99452K, committed 102700K, reserved 1138688K
  class space    used 12190K, capacity 12832K, committed 13952K, reserved 1048576K
}
Event: 3296.441 GC heap before
{Heap before GC invocations=540 (full 244):
 garbage-first heap   total 315392K, used 116379K [0x0000000740000000, 0x0000000800000000)
  region size 1024K, 4 young (4096K), 0 survivors (0K)
 Metaspace       used 97980K, capacity 99452K, committed 102700K, reserved 1138688K
  class space    used 12190K, capacity 12832K, committed 13952K, reserved 1048576K
}
Event: 3296.520 GC heap after
{Heap after GC invocations=541 (full 245):
 garbage-first heap   total 315392K, used 113297K [0x0000000740000000, 0x0000000800000000)
  region size 1024K, 0 young (0K), 0 survivors (0K)
 Metaspace       used 97980K, capacity 99452K, committed 102700K, reserved 1138688K
  class space    used 12190K, capacity 12832K, committed 13952K, reserved 1048576K
}
Event: 3297.243 GC heap before
{Heap before GC invocations=541 (full 245):
 garbage-first heap   total 315392K, used 114321K [0x0000000740000000, 0x0000000800000000)
  region size 1024K, 2 young (2048K), 0 survivors (0K)
 Metaspace       used 97980K, capacity 99452K, committed 102700K, reserved 1138688K
  class space    used 12190K, capacity 12832K, committed 13952K, reserved 1048576K
}
Event: 3297.319 GC heap after
{Heap after GC invocations=542 (full 246):
 garbage-first heap   total 315392K, used 113282K [0x0000000740000000, 0x0000000800000000)
  region size 1024K, 0 young (0K), 0 survivors (0K)
 Metaspace       used 97980K, capacity 99452K, committed 102700K, reserved 1138688K
  class space    used 12190K, capacity 12832K, committed 13952K, reserved 1048576K
}
Event: 3297.601 GC heap before
{Heap before GC invocations=542 (full 246):
 garbage-first heap   total 315392K, used 114306K [0x0000000740000000, 0x0000000800000000)
  region size 1024K, 2 young (2048K), 0 survivors (0K)
 Metaspace       used 97980K, capacity 99452K, committed 102700K, reserved 1138688K
  class space    used 12190K, capacity 12832K, committed 13952K, reserved 1048576K
}
Event: 3297.680 GC heap after
{Heap after GC invocations=543 (full 247):
 garbage-first heap   total 315392K, used 113270K [0x0000000740000000, 0x0000000800000000)
  region size 1024K, 0 young (0K), 0 survivors (0K)
 Metaspace       used 97980K, capacity 99452K, committed 102700K, reserved 1138688K
  class space    used 12190K, capacity 12832K, committed 13952K, reserved 1048576K
}
Event: 3300.852 GC heap before
{Heap before GC invocations=543 (full 247):
 garbage-first heap   total 315392K, used 135798K [0x0000000740000000, 0x0000000800000000)
  region size 1024K, 23 young (23552K), 0 survivors (0K)
 Metaspace       used 98000K, capacity 99516K, committed 102956K, reserved 1138688K
  class space    used 12190K, capacity 12832K, committed 13952K, reserved 1048576K
}
Event: 3300.938 GC heap after
{Heap after GC invocations=544 (full 248):
 garbage-first heap   total 315392K, used 113399K [0x0000000740000000, 0x0000000800000000)
  region size 1024K, 0 young (0K), 0 survivors (0K)
 Metaspace       used 98000K, capacity 99516K, committed 102956K, reserved 1138688K
  class space    used 12190K, capacity 12832K, committed 13952K, reserved 1048576K
}
Event: 3302.960 GC heap before
{Heap before GC invocations=544 (full 248):
 garbage-first heap   total 315392K, used 142071K [0x0000000740000000, 0x0000000800000000)
  region size 1024K, 29 young (29696K), 0 survivors (0K)
 Metaspace       used 98005K, capacity 99516K, committed 102956K, reserved 1138688K
  class space    used 12190K, capacity 12832K, committed 13952K, reserved 1048576K
}
Event: 3303.048 GC heap after
{Heap after GC invocations=545 (full 249):
 garbage-first heap   total 315392K, used 113461K [0x0000000740000000, 0x0000000800000000)
  region size 1024K, 0 young (0K), 0 survivors (0K)
 Metaspace       used 98005K, capacity 99516K, committed 102956K, reserved 1138688K
  class space    used 12190K, capacity 12832K, committed 13952K, reserved 1048576K
}
Event: 3305.555 GC heap before
{Heap before GC invocations=545 (full 249):
 garbage-first heap   total 315392K, used 153397K [0x0000000740000000, 0x0000000800000000)
  region size 1024K, 40 young (40960K), 0 survivors (0K)
 Metaspace       used 98091K, capacity 99582K, committed 102956K, reserved 1138688K
  class space    used 12190K, capacity 12832K, committed 13952K, reserved 1048576K
}
Event: 3305.656 GC heap after
{Heap after GC invocations=546 (full 250):
 garbage-first heap   total 315392K, used 113576K [0x0000000740000000, 0x0000000800000000)
  region size 1024K, 0 young (0K), 0 survivors (0K)
 Metaspace       used 98091K, capacity 99582K, committed 102956K, reserved 1138688K
  class space    used 12190K, capacity 12832K, committed 13952K, reserved 1048576K
}
Event: 3318.239 GC heap before
{Heap before GC invocations=546 (full 250):
 garbage-first heap   total 315392K, used 143272K [0x0000000740000000, 0x0000000800000000)
  region size 1024K, 30 young (30720K), 0 survivors (0K)
 Metaspace       used 98129K, capacity 99582K, committed 102956K, reserved 1138688K
  class space    used 12190K, capacity 12832K, committed 13952K, reserved 1048576K
}
Event: 3318.315 GC heap after
{Heap after GC invocations=547 (full 251):
 garbage-first heap   total 315392K, used 113322K [0x0000000740000000, 0x0000000800000000)
  region size 1024K, 0 young (0K), 0 survivors (0K)
 Metaspace       used 98129K, capacity 99582K, committed 102956K, reserved 1138688K
  class space    used 12190K, capacity 12832K, committed 13952K, reserved 1048576K
}
Event: 3319.381 GC heap before
{Heap before GC invocations=547 (full 251):
 garbage-first heap   total 315392K, used 128682K [0x0000000740000000, 0x0000000800000000)
  region size 1024K, 16 young (16384K), 0 survivors (0K)
 Metaspace       used 98129K, capacity 99582K, committed 102956K, reserved 1138688K
  class space    used 12190K, capacity 12832K, committed 13952K, reserved 1048576K
}
Event: 3319.459 GC heap after
{Heap after GC invocations=548 (full 252):
 garbage-first heap   total 315392K, used 113281K [0x0000000740000000, 0x0000000800000000)
  region size 1024K, 0 young (0K), 0 survivors (0K)
 Metaspace       used 98129K, capacity 99582K, committed 102956K, reserved 1138688K
  class space    used 12190K, capacity 12832K, committed 13952K, reserved 1048576K
}
Event: 3322.304 GC heap before
{Heap before GC invocations=548 (full 252):
 garbage-first heap   total 315392K, used 125569K [0x0000000740000000, 0x0000000800000000)
  region size 1024K, 13 young (13312K), 0 survivors (0K)
 Metaspace       used 98137K, capacity 99646K, committed 102956K, reserved 1138688K
  class space    used 12190K, capacity 12832K, committed 13952K, reserved 1048576K
}
Event: 3322.384 GC heap after
{Heap after GC invocations=549 (full 253):
 garbage-first heap   total 315392K, used 113331K [0x0000000740000000, 0x0000000800000000)
  region size 1024K, 0 young (0K), 0 survivors (0K)
 Metaspace       used 98137K, capacity 99646K, committed 102956K, reserved 1138688K
  class space    used 12190K, capacity 12832K, committed 13952K, reserved 1048576K
}

Deoptimization events (20 events):
Event: 3034.757 Thread 0x0000016db6f07800 Uncommon trap: trap_request=0xffffffc6 fr.pc=0x0000016da3418054 relative=0x0000000000000974
Event: 3034.757 Thread 0x0000016db6f07800 Uncommon trap: reason=bimorphic_or_optimized_type_check action=maybe_recompile pc=0x0000016da3418054 method=java.util.HashMap.removeNode(ILjava/lang/Object;Ljava/lang/Object;ZZ)Ljava/util/HashMap$Node; @ 143 c2
Event: 3034.757 Thread 0x0000016db6f07800 DEOPT PACKING pc=0x0000016da3418054 sp=0x0000001dbe5fd3f0
Event: 3034.757 Thread 0x0000016db6f07800 DEOPT UNPACKING pc=0x0000016d9a4068af sp=0x0000001dbe5fd398 mode 2
Event: 3051.124 Thread 0x0000016db6f07800 Uncommon trap: trap_request=0xffffff5c fr.pc=0x0000016da3705df4 relative=0x0000000000000334
Event: 3051.124 Thread 0x0000016db6f07800 Uncommon trap: reason=speculate_null_assert action=make_not_entrant pc=0x0000016da3705df4 method=com.jidesoft.swing.GradientCache.cleanOldCacheEntries()V @ 12 c2
Event: 3051.124 Thread 0x0000016db6f07800 DEOPT PACKING pc=0x0000016da3705df4 sp=0x0000001dbe5fb970
Event: 3051.124 Thread 0x0000016db6f07800 DEOPT UNPACKING pc=0x0000016d9a4068af sp=0x0000001dbe5fb910 mode 2
Event: 3092.518 Thread 0x0000016db6f07800 Uncommon trap: trap_request=0xffffff4d fr.pc=0x0000016da37c6bcc relative=0x00000000000005cc
Event: 3092.518 Thread 0x0000016db6f07800 Uncommon trap: reason=unstable_if action=reinterpret pc=0x0000016da37c6bcc method=sun.util.locale.provider.LocaleResources.removeEmptyReferences()V @ 9 c2
Event: 3092.518 Thread 0x0000016db6f07800 DEOPT PACKING pc=0x0000016da37c6bcc sp=0x0000001dbe5fcb80
Event: 3092.518 Thread 0x0000016db6f07800 DEOPT UNPACKING pc=0x0000016d9a4068af sp=0x0000001dbe5fcac8 mode 2
Event: 3092.557 Thread 0x0000016db6f07800 Uncommon trap: trap_request=0xffffff5c fr.pc=0x0000016da2b2cd98 relative=0x00000000000007f8
Event: 3092.557 Thread 0x0000016db6f07800 Uncommon trap: reason=speculate_null_assert action=make_not_entrant pc=0x0000016da2b2cd98 method=sun.util.locale.LocaleObjectCache.cleanStaleEntries()V @ 12 c2
Event: 3092.557 Thread 0x0000016db6f07800 DEOPT PACKING pc=0x0000016da2b2cd98 sp=0x0000001dbe5fc940
Event: 3092.557 Thread 0x0000016db6f07800 DEOPT UNPACKING pc=0x0000016d9a4068af sp=0x0000001dbe5fc888 mode 2
Event: 3092.557 Thread 0x0000016db6f07800 Uncommon trap: trap_request=0xffffff4d fr.pc=0x0000016da2b20420 relative=0x0000000000000700
Event: 3092.557 Thread 0x0000016db6f07800 Uncommon trap: reason=unstable_if action=reinterpret pc=0x0000016da2b20420 method=java.util.ResourceBundle.findBundle(Ljava/lang/Module;Ljava/lang/Module;Ljava/util/ResourceBundle$CacheKey;Ljava/util/List;Ljava/util/List;ILjava/util/ResourceBundle$Control
Event: 3092.557 Thread 0x0000016db6f07800 DEOPT PACKING pc=0x0000016da2b20420 sp=0x0000001dbe5fc830
Event: 3092.557 Thread 0x0000016db6f07800 DEOPT UNPACKING pc=0x0000016d9a4068af sp=0x0000001dbe5fc7f0 mode 2

Classes redefined (0 events):
No events

Internal exceptions (20 events):
Event: 2278.958 Thread 0x0000016e09001800 Exception <a 'java/lang/InterruptedException'{0x0000000751a00078}: sleep interrupted> (0x0000000751a00078) thrown at [./src/hotspot/share/prims/jvm.cpp, line 3099]
Event: 3012.770 Thread 0x0000016e09000000 Exception <a 'java/lang/InterruptedException'{0x0000000752a0c6a8}: sleep interrupted> (0x0000000752a0c6a8) thrown at [./src/hotspot/share/prims/jvm.cpp, line 3099]
Event: 3034.764 Thread 0x0000016e08ffd000 Exception <a 'java/lang/InterruptedException'{0x0000000753294e30}: sleep interrupted> (0x0000000753294e30) thrown at [./src/hotspot/share/prims/jvm.cpp, line 3099]
Event: 3042.796 Thread 0x0000016db6f07800 Exception <a 'java/io/FileNotFoundException'{0x000000075296fb70}> (0x000000075296fb70) thrown at [./src/hotspot/share/prims/jni.cpp, line 615]
Event: 3042.912 Thread 0x0000016db6f07800 Exception <a 'java/io/FileNotFoundException'{0x000000075250c678}> (0x000000075250c678) thrown at [./src/hotspot/share/prims/jni.cpp, line 615]
Event: 3045.545 Thread 0x0000016db6f07800 Exception <a 'java/io/FileNotFoundException'{0x0000000752ad27e8}> (0x0000000752ad27e8) thrown at [./src/hotspot/share/prims/jni.cpp, line 615]
Event: 3045.546 Thread 0x0000016db6f07800 Exception <a 'java/io/FileNotFoundException'{0x0000000752ad3698}> (0x0000000752ad3698) thrown at [./src/hotspot/share/prims/jni.cpp, line 615]
Event: 3045.665 Thread 0x0000016db6f07800 Exception <a 'java/io/FileNotFoundException'{0x0000000752990068}> (0x0000000752990068) thrown at [./src/hotspot/share/prims/jni.cpp, line 615]
Event: 3045.665 Thread 0x0000016db6f07800 Exception <a 'java/io/FileNotFoundException'{0x0000000752990f18}> (0x0000000752990f18) thrown at [./src/hotspot/share/prims/jni.cpp, line 615]
Event: 3048.788 Thread 0x0000016e08ffc000 Exception <a 'java/lang/InterruptedException'{0x000000075125f460}: sleep interrupted> (0x000000075125f460) thrown at [./src/hotspot/share/prims/jvm.cpp, line 3099]
Event: 3050.666 Thread 0x0000016db6f07800 Exception <a 'java/io/FileNotFoundException'{0x0000000751d99e50}> (0x0000000751d99e50) thrown at [./src/hotspot/share/prims/jni.cpp, line 615]
Event: 3055.666 Thread 0x0000016db6f07800 Exception <a 'java/io/FileNotFoundException'{0x00000007530b0020}> (0x00000007530b0020) thrown at [./src/hotspot/share/prims/jni.cpp, line 615]
Event: 3060.666 Thread 0x0000016db6f07800 Exception <a 'java/io/FileNotFoundException'{0x0000000752cc0e20}> (0x0000000752cc0e20) thrown at [./src/hotspot/share/prims/jni.cpp, line 615]
Event: 3065.666 Thread 0x0000016db6f07800 Exception <a 'java/io/FileNotFoundException'{0x00000007527e75a0}> (0x00000007527e75a0) thrown at [./src/hotspot/share/prims/jni.cpp, line 615]
Event: 3070.666 Thread 0x0000016db6f07800 Exception <a 'java/io/FileNotFoundException'{0x00000007523d1cf8}> (0x00000007523d1cf8) thrown at [./src/hotspot/share/prims/jni.cpp, line 615]
Event: 3075.666 Thread 0x0000016db6f07800 Exception <a 'java/io/FileNotFoundException'{0x0000000751e8d108}> (0x0000000751e8d108) thrown at [./src/hotspot/share/prims/jni.cpp, line 615]
Event: 3080.666 Thread 0x0000016db6f07800 Exception <a 'java/io/FileNotFoundException'{0x0000000751978d78}> (0x0000000751978d78) thrown at [./src/hotspot/share/prims/jni.cpp, line 615]
Event: 3085.666 Thread 0x0000016db6f07800 Exception <a 'java/io/FileNotFoundException'{0x00000007516ea2d0}> (0x00000007516ea2d0) thrown at [./src/hotspot/share/prims/jni.cpp, line 615]
Event: 3090.667 Thread 0x0000016db6f07800 Exception <a 'java/io/FileNotFoundException'{0x00000007511a0740}> (0x00000007511a0740) thrown at [./src/hotspot/share/prims/jni.cpp, line 615]
Event: 3203.270 Thread 0x0000016e09000000 Exception <a 'java/lang/InterruptedException'{0x000000075316b128}: sleep interrupted> (0x000000075316b128) thrown at [./src/hotspot/share/prims/jvm.cpp, line 3099]

Events (20 events):
Event: 3322.384 Executing VM operation: G1CollectFull done
Event: 3322.384 Thread 0x0000016e09003800 Thread exited: 0x0000016e09003800
Event: 3322.786 Thread 0x0000016e08ffc000 Thread exited: 0x0000016e08ffc000
Event: 3322.847 Executing VM operation: RevokeBias
Event: 3322.847 Executing VM operation: RevokeBias done
Event: 3322.952 Thread 0x0000016e08ffd800 Thread added: 0x0000016e08ffd800
Event: 3322.957 Thread 0x0000016e08ffd800 Thread exited: 0x0000016e08ffd800
Event: 3323.808 Executing VM operation: BulkRevokeBias
Event: 3323.808 Executing VM operation: BulkRevokeBias done
Event: 3323.809 Executing VM operation: BulkRevokeBias
Event: 3323.809 Executing VM operation: BulkRevokeBias done
Event: 3323.809 Thread 0x0000016e08ffc000 Thread added: 0x0000016e08ffc000
Event: 3323.839 Thread 0x0000016e08ffc000 Thread exited: 0x0000016e08ffc000
Event: 3323.845 Executing VM operation: RevokeBias
Event: 3323.845 Executing VM operation: RevokeBias done
Event: 3323.846 Executing VM operation: RevokeBias
Event: 3323.846 Executing VM operation: RevokeBias done
Event: 3323.953 Thread 0x0000016e08ffc000 Thread added: 0x0000016e08ffc000
Event: 3323.957 Thread 0x0000016e08ffc000 Thread exited: 0x0000016e08ffc000
Event: 3324.097 Thread 0x0000016e08ffc000 Thread added: 0x0000016e08ffc000


Dynamic libraries:
0x00007ff7d4700000 - 0x00007ff7d4731000 	E:\Vivado\Vivado\2022.2\bin\unwrapped\win64.o\vivado.exe
0x00007ff99a290000 - 0x00007ff99a488000 	C:\Windows\SYSTEM32\ntdll.dll
0x00007ff99a190000 - 0x00007ff99a24f000 	C:\Windows\System32\KERNEL32.DLL
0x00007ff997a90000 - 0x00007ff997d86000 	C:\Windows\System32\KERNELBASE.dll
0x00007ff998070000 - 0x00007ff998170000 	C:\Windows\System32\ucrtbase.dll
0x00007ff9815d0000 - 0x00007ff9815eb000 	C:\Windows\SYSTEM32\VCRUNTIME140.dll
0x00007ff97a890000 - 0x00007ff97a91e000 	C:\Windows\SYSTEM32\MSVCP140.dll
0x00007ff9814b0000 - 0x00007ff9814bc000 	C:\Windows\SYSTEM32\VCRUNTIME140_1.dll
0x00007ff9924c0000 - 0x00007ff9924d8000 	E:\Vivado\Vivado\2022.2\lib\win64.o\librdi_commonmain.dll
0x00007ff9924f0000 - 0x00007ff9924f9000 	E:\Vivado\Vivado\2022.2\lib\win64.o\librdi_commonversion.dll
0x00007ff988bb0000 - 0x00007ff988bd1000 	E:\Vivado\Vivado\2022.2\lib\win64.o\libboost_filesystem.dll
0x00007ff999d10000 - 0x00007ff999dbf000 	C:\Windows\System32\ADVAPI32.dll
0x00007ff999270000 - 0x00007ff99930e000 	C:\Windows\System32\msvcrt.dll
0x00007ff999960000 - 0x00007ff9999fc000 	C:\Windows\System32\sechost.dll
0x00007ff99a060000 - 0x00007ff99a186000 	C:\Windows\System32\RPCRT4.dll
0x00007ff9215c0000 - 0x00007ff921775000 	E:\Vivado\Vivado\2022.2\lib\win64.o\librdi_commonxillic.dll
0x000000005b470000 - 0x000000005b59b000 	E:\Vivado\Vivado\2022.2\lib\win64.o\tcl85t.dll
0x00007ff8f57c0000 - 0x00007ff8f6bf1000 	E:\Vivado\Vivado\2022.2\lib\win64.o\librdi_common.dll
0x00007ff999dc0000 - 0x00007ff999f5d000 	C:\Windows\System32\USER32.dll
0x00007ff9998f0000 - 0x00007ff99995b000 	C:\Windows\System32\WS2_32.dll
0x00007ff998170000 - 0x00007ff998192000 	C:\Windows\System32\win32u.dll
0x00007ff999340000 - 0x00007ff99936c000 	C:\Windows\System32\GDI32.dll
0x00007ff9982c0000 - 0x00007ff9982e7000 	C:\Windows\System32\bcrypt.dll
0x00007ff997970000 - 0x00007ff997a85000 	C:\Windows\System32\gdi32full.dll
0x00007ff997e70000 - 0x00007ff997f0d000 	C:\Windows\System32\msvcp_win.dll
0x00007ff960140000 - 0x00007ff960254000 	E:\Vivado\Vivado\2022.2\lib\win64.o\libboost_regex.dll
0x00007ff920170000 - 0x00007ff920486000 	E:\Vivado\Vivado\2022.2\lib\win64.o\libXil_lmgr11.dll
0x00007ff999a00000 - 0x00007ff999ada000 	C:\Windows\System32\COMDLG32.dll
0x00007ff998c60000 - 0x00007ff998fb4000 	C:\Windows\System32\combase.dll
0x00007ff999ae0000 - 0x00007ff999b8d000 	C:\Windows\System32\shcore.dll
0x00007ff9982f0000 - 0x00007ff998345000 	C:\Windows\System32\SHLWAPI.dll
0x00007ff998350000 - 0x00007ff998a94000 	C:\Windows\System32\SHELL32.dll
0x00007ff999070000 - 0x00007ff99913d000 	C:\Windows\System32\OLEAUT32.dll
0x00007ff999140000 - 0x00007ff99926a000 	C:\Windows\System32\ole32.dll
0x00007ff998250000 - 0x00007ff9982b7000 	C:\Windows\System32\WINTRUST.dll
0x00007ff997f10000 - 0x00007ff99806e000 	C:\Windows\System32\CRYPT32.dll
0x00007ff91ded0000 - 0x00007ff91ee4d200 	E:\Vivado\Vivado\2022.2\lib\win64.o\libisl_iostreams.dll
0x00007ff98e880000 - 0x00007ff98e891000 	E:\Vivado\Vivado\2022.2\lib\win64.o\libboost_date_time.dll
0x00007ff91fa80000 - 0x00007ff91fdee000 	E:\Vivado\Vivado\2022.2\lib\win64.o\libCOIN-all.dll
0x00007ff96dde0000 - 0x00007ff96de59000 	E:\Vivado\Vivado\2022.2\lib\win64.o\libboost_program_options.dll
0x00007ff990ec0000 - 0x00007ff990ecc000 	E:\Vivado\Vivado\2022.2\lib\win64.o\libboost_xilinx.dll
0x00007ff982410000 - 0x00007ff982429000 	C:\Windows\SYSTEM32\NETAPI32.dll
0x00007ff988b50000 - 0x00007ff988b6c000 	E:\Vivado\Vivado\2022.2\lib\win64.o\libboost_thread.dll
0x00007ff9832f0000 - 0x00007ff9833a0000 	C:\Windows\WinSxS\amd64_microsoft.windows.common-controls_6595b64144ccf1df_5.82.19041.1110_none_792d1c772443f647\COMCTL32.dll
0x00007ff9647c0000 - 0x00007ff9647c9000 	C:\Windows\SYSTEM32\WSOCK32.dll
0x00007ff958e80000 - 0x00007ff958f02000 	E:\Vivado\Vivado\2022.2\lib\win64.o\libhdlpsolve.dll
0x00007ff991540000 - 0x00007ff99155d000 	C:\Windows\SYSTEM32\dhcpcsvc.DLL
0x00007ff997830000 - 0x00007ff99785e000 	C:\Windows\SYSTEM32\USERENV.dll
0x00007ff9294c0000 - 0x00007ff929565000 	E:\Vivado\Vivado\2022.2\lib\win64.o\libhdxml.dll
0x00007ff95ff70000 - 0x00007ff95ffd5000 	E:\Vivado\Vivado\2022.2\lib\win64.o\liblmx6.0.dll
0x00007ff9846c0000 - 0x00007ff9846ea000 	E:\Vivado\Vivado\2022.2\lib\win64.o\libisl_sysinfo.dll
0x00007ff96e880000 - 0x00007ff96e89a000 	E:\Vivado\Vivado\2022.2\lib\win64.o\pthreadVC2.dll
0x00007ff96e060000 - 0x00007ff96e081000 	E:\Vivado\Vivado\2022.2\lib\win64.o\librdizlib.dll
0x00007ff96ddc0000 - 0x00007ff96dddc000 	E:\Vivado\Vivado\2022.2\lib\win64.o\librdiconfig.dll
0x00007ff97aa90000 - 0x00007ff97af69000 	C:\Windows\SYSTEM32\WININET.dll
0x00007ff992ba0000 - 0x00007ff992caa000 	C:\Windows\SYSTEM32\WINHTTP.dll
0x00007ff91f7b0000 - 0x00007ff91fa71000 	E:\Vivado\Vivado\2022.2\lib\win64.o\xerces-c_3_2.dll
0x00007ff984c70000 - 0x00007ff984e5c000 	C:\Windows\SYSTEM32\urlmon.dll
0x00007ff96dda0000 - 0x00007ff96ddb8000 	E:\Vivado\Vivado\2022.2\lib\win64.o\libboost_iostreams.dll
0x00007ff976d30000 - 0x00007ff976d61000 	C:\Windows\SYSTEM32\VCOMP140.DLL
0x00007ff9659c0000 - 0x00007ff9659e4000 	E:\Vivado\Vivado\2022.2\lib\win64.o\libisl_iosutils.dll
0x00007ff9876f0000 - 0x00007ff987718000 	C:\Windows\SYSTEM32\srvcli.dll
0x00007ff9856e0000 - 0x00007ff985991000 	C:\Windows\SYSTEM32\iertutil.dll
0x00007ff996ea0000 - 0x00007ff996eac000 	C:\Windows\SYSTEM32\netutils.dll
0x00007ff8ef9b0000 - 0x00007ff8f18c7000 	E:\Vivado\Vivado\2022.2\lib\win64.o\gurobi90.dll
0x00007ff999380000 - 0x00007ff9993d6000 	C:\Windows\System32\WLDAP32.dll
0x00007ff9993e0000 - 0x00007ff9993e8000 	C:\Windows\System32\Normaliz.dll
0x00007ff997050000 - 0x00007ff9970ba000 	C:\Windows\SYSTEM32\MSWSOCK.DLL
0x00007ff999310000 - 0x00007ff999340000 	C:\Windows\System32\IMM32.DLL
0x00007ff9974f0000 - 0x00007ff997502000 	C:\Windows\SYSTEM32\MSASN1.dll
0x00007ff997250000 - 0x00007ff997268000 	C:\Windows\SYSTEM32\CRYPTSP.dll
0x00007ff996970000 - 0x00007ff9969a4000 	C:\Windows\system32\rsaenh.dll
0x00007ff997240000 - 0x00007ff99724c000 	C:\Windows\SYSTEM32\CRYPTBASE.dll
0x00007ff997d90000 - 0x00007ff997e12000 	C:\Windows\System32\bcryptPrimitives.dll
0x00007ff99a040000 - 0x00007ff99a05d000 	C:\Windows\System32\imagehlp.dll
0x00007ff995a10000 - 0x00007ff995a22000 	C:\Windows\SYSTEM32\kernel.appcore.dll
0x00007ff8f8b10000 - 0x00007ff8f9043000 	E:\Vivado\Vivado\2022.2\lib\win64.o\librdi_commontasks.dll
0x00007ff98ebb0000 - 0x00007ff98ebba000 	C:\Windows\SYSTEM32\VERSION.dll
0x00007ff91f480000 - 0x00007ff91f7a5a00 	E:\Vivado\Vivado\2022.2\lib\win64.o\librdi_sio.dll
0x00007ff996d40000 - 0x00007ff996d7c000 	C:\Windows\SYSTEM32\IPHLPAPI.DLL
0x00007ff8f6e50000 - 0x00007ff8f799d000 	E:\Vivado\Vivado\2022.2\tps\win64\jre11.0.11_9\bin\server\jvm.dll
0x00007ff999370000 - 0x00007ff999378000 	C:\Windows\System32\PSAPI.DLL
0x00007ff98fbd0000 - 0x00007ff98fbf7000 	C:\Windows\SYSTEM32\WINMM.dll
0x00007ff997860000 - 0x00007ff997892000 	C:\Windows\SYSTEM32\SspiCli.dll
0x00007ff976d10000 - 0x00007ff976d27000 	C:\Windows\system32\napinsp.dll
0x00007ff976cf0000 - 0x00007ff976d0b000 	C:\Windows\system32\pnrpnsp.dll
0x00007ff976c90000 - 0x00007ff976ca5000 	C:\Windows\system32\wshbth.dll
0x00007ff992e90000 - 0x00007ff992ead000 	C:\Windows\system32\NLAapi.dll
0x00007ff996d80000 - 0x00007ff996e4b000 	C:\Windows\SYSTEM32\DNSAPI.dll
0x00007ff998c50000 - 0x00007ff998c58000 	C:\Windows\System32\NSI.dll
0x00007ff9773e0000 - 0x00007ff9773f2000 	C:\Windows\System32\winrnr.dll
0x000000005b120000 - 0x000000005b146000 	C:\Program Files\Bonjour\mdnsNSP.dll
0x0000000063560000 - 0x0000000063569000 	C:\Program Files\National Instruments\Shared\mDNS Responder\nimdnsNSP.dll
0x0000000063550000 - 0x000000006355e000 	C:\Windows\SYSTEM32\nimdnsResponder.dll
0x000000005b070000 - 0x000000005b113000 	C:\Windows\WinSxS\amd64_microsoft.vc90.crt_1fc8b3b9a1e18e3b_9.0.30729.9625_none_08e1c10da83fbc83\MSVCR90.dll
0x00007ff995a30000 - 0x00007ff9961c3000 	C:\Windows\SYSTEM32\windows.storage.dll
0x00007ff997360000 - 0x00007ff99738e000 	C:\Windows\SYSTEM32\Wldp.dll
0x00007ff8eb4e0000 - 0x00007ff8ee205000 	E:\Vivado\Vivado\2022.2\lib\win64.o\librdi_tcltasks.dll
0x00007ff95b3e0000 - 0x00007ff95b424000 	E:\Vivado\Vivado\2022.2\lib\win64.o\libboost_serialization.dll
0x00007ff91dce0000 - 0x00007ff91dec3000 	E:\Vivado\Vivado\2022.2\lib\win64.o\librdi_board.dll
0x00007ff8f8630000 - 0x00007ff8f8b0d000 	E:\Vivado\Vivado\2022.2\lib\win64.o\librdi_bitstream.dll
0x00007ff928340000 - 0x00007ff9283c0000 	E:\Vivado\Vivado\2022.2\lib\win64.o\librdi_boarddep.dll
0x00007ff928010000 - 0x00007ff928137000 	E:\Vivado\Vivado\2022.2\lib\win64.o\librdi_chipscope.dll
0x00007ff909c80000 - 0x00007ff909e82000 	E:\Vivado\Vivado\2022.2\lib\win64.o\librdi_chipscopeimpl.dll
0x00007ff925790000 - 0x00007ff9258f5000 	E:\Vivado\Vivado\2022.2\lib\win64.o\librdi_containers.dll
0x00007ff8e92b0000 - 0x00007ff8eb4dc000 	E:\Vivado\Vivado\2022.2\lib\win64.o\librdi_constraints.dll
0x00007ff8e6cc0000 - 0x00007ff8e92a5000 	E:\Vivado\Vivado\2022.2\lib\win64.o\librdi_coregen.dll
0x00007ff8e4cb0000 - 0x00007ff8e6cbd000 	E:\Vivado\Vivado\2022.2\lib\win64.o\librdi_designutils.dll
0x00007ff9027b0000 - 0x00007ff902b33000 	E:\Vivado\Vivado\2022.2\lib\win64.o\librdi_dlyest.dll
0x00007ff8f3f30000 - 0x00007ff8f460b000 	E:\Vivado\Vivado\2022.2\lib\win64.o\librdi_drc.dll
0x00007ff926120000 - 0x00007ff9261d4000 	E:\Vivado\Vivado\2022.2\lib\win64.o\librdi_dsp.dll
0x00007ff902110000 - 0x00007ff90243b000 	E:\Vivado\Vivado\2022.2\lib\win64.o\librdi_guitools.dll
0x00007ff8ef310000 - 0x00007ff8ef9a5000 	E:\Vivado\Vivado\2022.2\lib\win64.o\librdi_filemgmt.dll
0x00007ff8e37c0000 - 0x00007ff8e4ca5000 	E:\Vivado\Vivado\2022.2\lib\win64.o\librdi_device.dll
0x00007ff929450000 - 0x00007ff9294bb000 	E:\Vivado\Vivado\2022.2\lib\win64.o\librdi_hdf.dll
0x00007ff9094e0000 - 0x00007ff90979d000 	E:\Vivado\Vivado\2022.2\lib\win64.o\librdi_hip_devdesign.dll
0x00007ff925e30000 - 0x00007ff925f77000 	E:\Vivado\Vivado\2022.2\lib\win64.o\librdi_hip_perf_analysis.dll
0x00007ff8e12b0000 - 0x00007ff8e1a51000 	E:\Vivado\Vivado\2022.2\lib\win64.o\librdi_lopt.dll
0x00007ff8eecb0000 - 0x00007ff8ef305000 	E:\Vivado\Vivado\2022.2\lib\win64.o\librdi_memdata.dll
0x00007ff9259f0000 - 0x00007ff925a6d000 	E:\Vivado\Vivado\2022.2\lib\win64.o\librdi_memoryarray.dll
0x00007ff8e28a0000 - 0x00007ff8e37bb000 	E:\Vivado\Vivado\2022.2\lib\win64.o\librdi_implflow.dll
0x00007ff8e1a60000 - 0x00007ff8e2893000 	E:\Vivado\Vivado\2022.2\lib\win64.o\librdi_ippcw.dll
0x00007ff92c550000 - 0x00007ff92c5ab000 	E:\Vivado\Vivado\2022.2\lib\win64.o\librdi_pfi.dll
0x00007ff8f4e30000 - 0x00007ff8f52a0000 	E:\Vivado\Vivado\2022.2\lib\win64.o\librdi_platform.dll
0x00007ff8de270000 - 0x00007ff8de9dd000 	E:\Vivado\Vivado\2022.2\lib\win64.o\librdi_netlist.dll
0x00007ff8da870000 - 0x00007ff8db144000 	E:\Vivado\Vivado\2022.2\lib\win64.o\librdi_power.dll
0x00007ff8d7d90000 - 0x00007ff8d84f7000 	E:\Vivado\Vivado\2022.2\lib\win64.o\librdi_project.dll
0x00007ff8db150000 - 0x00007ff8de270000 	E:\Vivado\Vivado\2022.2\lib\win64.o\librdi_place.dll

dbghelp: loaded successfully - version: 4.0.5 - missing functions: none
symbol engine: initialized successfully - sym options: 0x614 - pdb path: .;E:\Vivado\Vivado\2022.2\bin\unwrapped\win64.o;C:\Windows\SYSTEM32;E:\Vivado\Vivado\2022.2\lib\win64.o;C:\Windows\WinSxS\amd64_microsoft.windows.common-controls_6595b64144ccf1df_5.82.19041.1110_none_792d1c772443f647;E:\Vivado\Vivado\2022.2\tps\win64\jre11.0.11_9\bin\server;C:\Program Files\Bonjour;C:\Program Files\National Instruments\Shared\mDNS Responder;C:\Windows\WinSxS\amd64_microsoft.vc90.crt_1fc8b3b9a1e18e3b_9.0.30729.9625_none_08e1c10da83fbc83;E:\Vivado\Vivado\2022.2\tps\win64\python-3.8.3;E:\Vivado\Vivado\2022.2\tps\win64\jre11.0.11_9\bin;C:\Windows\WinSxS\amd64_microsoft.windows.common-controls_6595b64144ccf1df_6.0.19041.1110_none_60b5254171f9507e

VM Arguments:
jvm_args: -Dsun.java2d.pmoffscreen=false -Dhttps.protocols=TLSv1,TLSv1.1,TLSv1.2 -Dsun.java2d.xrender=false -Dsun.java2d.d3d=false -Dsun.awt.nopixfmt=true -Dsun.java2d.dpiaware=true -Dsun.java2d.uiScale.enabled=false -Xverify:none -Dswing.aatext=true -XX:-UsePerfData -Djdk.map.althashing.threshold=512 -XX:StringTableSize=4072 --add-opens=java.desktop/com.sun.awt=ALL-UNNAMED --add-opens=java.desktop/javax.swing.plaf.synth=ALL-UNNAMED --add-opens=java.base/java.nio=ALL-UNNAMED --add-opens=java.desktop/sun.swing=ALL-UNNAMED --add-opens=java.desktop/javax.swing=ALL-UNNAMED --add-opens=java.desktop/javax.swing.tree=ALL-UNNAMED --add-opens=java.desktop/javax.swing.plaf.basic=ALL-UNNAMED --add-opens=java.desktop/javax.swing.plaf.synth=ALL-UNNAMED --add-opens=java.desktop/javax.swing.plaf.basic=ALL-UNNAMED --add-opens=java.desktop/javax.swing=ALL-UNNAMED --add-opens=java.desktop/javax.swing.tree=ALL-UNNAMED --add-opens=java.desktop/java.awt.event=ALL-UNNAMED --add-exports=java.desktop/javax.swing.plaf.synth=ALL-UNNAMED --add-exports=java.base/java.nio=ALL-UNNAMED --add-exports=java.desktop/sun.swing=ALL-UNNAMED --add-exports=java.desktop/javax.swing=ALL-UNNAMED --add-exports=java.desktop/javax.swing.tree=ALL-UNNAMED --add-exports=java.desktop/javax.swing.plaf.basic=ALL-UNNAMED --add-exports=java.desktop/sun.swing=ALL-UNNAMED --add-exports=java.desktop/sun.swing.table=ALL-UNNAMED --add-exports=java.desktop/sun.swing.plaf.synth=ALL-UNNAMED --add-exports=java.desktop/sun.awt.shell=ALL-UNNAMED --add-exports=java.base/sun.security.action=ALL-UNNAMED --add-exports=java.desktop/sun.font=ALL-UNNAMED -XX:NewSize=60m -XX:MaxNewSize=60m -Xms256m -Xmx3072m -Xss5m 
java_command: <unknown>
java_class_path (initial): E:/Vivado/Vivado/2022.2\lib\classes\alloy.jar;E:/Vivado/Vivado/2022.2\lib\classes\asm-9.3.jar;E:/Vivado/Vivado/2022.2\lib\classes\asm-analysis-9.3.jar;E:/Vivado/Vivado/2022.2\lib\classes\asm-commons-9.3.jar;E:/Vivado/Vivado/2022.2\lib\classes\asm-tree-9.3.jar;E:/Vivado/Vivado/2022.2\lib\classes\autoesl-models.jar;E:/Vivado/Vivado/2022.2\lib\classes\batik-anim.jar;E:/Vivado/Vivado/2022.2\lib\classes\batik-awt-util.jar;E:/Vivado/Vivado/2022.2\lib\classes\batik-bridge.jar;E:/Vivado/Vivado/2022.2\lib\classes\batik-codec.jar;E:/Vivado/Vivado/2022.2\lib\classes\batik-css.jar;E:/Vivado/Vivado/2022.2\lib\classes\batik-dom.jar;E:/Vivado/Vivado/2022.2\lib\classes\batik-ext.jar;E:/Vivado/Vivado/2022.2\lib\classes\batik-gui-util.jar;E:/Vivado/Vivado/2022.2\lib\classes\batik-gvt.jar;E:/Vivado/Vivado/2022.2\lib\classes\batik-parser.jar;E:/Vivado/Vivado/2022.2\lib\classes\batik-script.jar;E:/Vivado/Vivado/2022.2\lib\classes\batik-svg-dom.jar;E:/Vivado/Vivado/2022.2\lib\classes\batik-svggen.jar;E:/Vivado/Vivado/2022.2\lib\classes\batik-swing.jar;E:/Vivado/Vivado/2022.2\lib\classes\batik-transcoder.jar;E:/Vivado/Vivado/2022.2\lib\classes\batik-util.jar;E:/Vivado/Vivado/2022.2\lib\classes\batik-xml.jar;E:/Vivado/Vivado/2022.2\lib\classes\com.fasterxml.jackson.core.jackson-annotations_2.12.1.v20210128-1726.jar;E:/Vivado/Vivado/2022.2\lib\classes\com.fasterxml.jackson.core.jackson-core_2.12.1.v20210128-1726.jar;E:/Vivado/Vivado/2022.2\lib\classes\com.fasterxml.jackson.core.jackson-databind_2.12.1.v20210128-1726.jar;E:/Vivado/Vivado/2022.2\lib\classes\com.google.gson_2.8.7.v20210624-1215.jar;E:/Vivado/Vivado/2022.2\lib\classes\com.google.guava_30.1.0.v20210127-2300.jar;E:/Vivado/Vivado/2022.2\lib\classes\com.sigasi.hdt.connection_4.15.0.202201101137.jar;E:/Vivado/Vivado/2022.2\lib\classes\com.sigasi.hdt.epl_4.15.0.202201101137.jar;E:/Vivado/Vivado/2022.2\lib\classes\com.sigasi.hdt.project_4.15.0.202201101137.jar;E:/Vivado/Vivado/2022.2\lib\classes\com.sigasi
Launcher Type: generic

[Global flags]
     bool BytecodeVerificationLocal                = false                                     {product} {command line}
     bool BytecodeVerificationRemote               = false                                     {product} {command line}
     intx CICompilerCount                          = 4                                         {product} {ergonomic}
     uint ConcGCThreads                            = 2                                         {product} {ergonomic}
     uint G1ConcRefinementThreads                  = 8                                         {product} {ergonomic}
   size_t G1HeapRegionSize                         = 1048576                                   {product} {ergonomic}
    uintx GCDrainStackTargetSize                   = 64                                        {product} {ergonomic}
   size_t InitialHeapSize                          = 268435456                                 {product} {command line}
   size_t MarkStackSize                            = 4194304                                   {product} {ergonomic}
   size_t MaxHeapSize                              = 3221225472                                {product} {command line}
   size_t MaxNewSize                               = 62914560                                  {product} {command line}
   size_t MinHeapDeltaBytes                        = 1048576                                   {product} {ergonomic}
   size_t NewSize                                  = 62914560                                  {product} {command line}
    uintx NonNMethodCodeHeapSize                   = 5836300                                {pd product} {ergonomic}
    uintx NonProfiledCodeHeapSize                  = 122910970                              {pd product} {ergonomic}
    uintx ProfiledCodeHeapSize                     = 122910970                              {pd product} {ergonomic}
    uintx ReservedCodeCacheSize                    = 251658240                              {pd product} {ergonomic}
     bool SegmentedCodeCache                       = true                                      {product} {ergonomic}
    uintx StringTableSize                          = 4072                                      {product} {command line}
     intx ThreadStackSize                          = 5120                                   {pd product} {command line}
     bool UseCompressedClassPointers               = true                                 {lp64_product} {ergonomic}
     bool UseCompressedOops                        = true                                 {lp64_product} {ergonomic}
     bool UseG1GC                                  = true                                      {product} {ergonomic}
     bool UseLargePagesIndividualAllocation        = false                                  {pd product} {ergonomic}
     bool UsePerfData                              = false                                     {product} {command line}

Logging:
Log output configuration:
 #0: stdout all=warning uptime,level,tags
 #1: stderr all=off uptime,level,tags

Environment Variables:
PATH=E:/Vivado/Vivado/2022.2/bin;E:/Vivado/Vivado/2022.2/tps/win64/java-cef-95.0.4638.69/bin/lib/win64;E:/Vivado/Vivado/2022.2/tps/win64/javafx-sdk-11.0.2/lib;E:/Vivado/Vivado/2022.2/tps/win64/javafx-sdk-11.0.2/bin;E:/Vivado/Vivado/2022.2/lib/win64.o;E:/Vivado/Vivado/2022.2/tps/win64/jre11.0.11_9/bin/server;E:/Vivado/Vivado/2022.2/tps/win64/jre11.0.11_9/bin;E:/Vivado/Vivado/2022.2/ids_lite/ISE/bin/nt64;E:/Vivado/Vivado/2022.2/ids_lite/ISE/lib/nt64;E:/Vivado/Vitis_HLS/2022.2/bin;C:\Program Files\Common Files\Oracle\Java\javapath;C:\Program Files (x86)\Common Files\Oracle\Java\javapath;C:\Windows\system32;C:\Windows;C:\Windows\System32\Wbem;C:\Windows\System32\WindowsPowerShell\v1.0\;C:\Windows\System32\OpenSSH\;C:\Program Files (x86)\NVIDIA Corporation\PhysX\Common;C:\Program Files\NVIDIA Corporation\NVIDIA NvDLISR;C:\Users\Lenovo\AppData\Roaming\Microsoft\Windows\Start Menu\Programs\Python 3.9;C:\Users\Lenovo\AppData\Local\Programs\Python\Python39;C:\Users\Lenovo\AppData\Local\Programs\Python\Python39\Scripts;D:\matlab\Matlab 2020b\Mathworks_Matlab_R2020b_Win\space\runtime\win64;D:\matlab\Matlab 2020b\Mathworks_Matlab_R2020b_Win\space\bin;D:\matlab\Matlab 2020b\Mathworks_Matlab_R2020b_Win\space\polyspace\bin;C:\Program Files (x86)\Windows Kits\8.1\Windows Performance Toolkit\;C:\Program Files\Microsoft SQL Server\Client SDK\ODBC\110\Tools\Binn\;C:\Program Files (x86)\Microsoft SQL Server\120\Tools\Binn\;C:\Program Files\Microsoft SQL Server\120\Tools\Binn\;C:\Program Files\Microsoft SQL Server\120\DTS\Binn\;C:\Program Files\dotnet\;D:\MinGw\bin;D:\MySQL\MySQLServer8.0\lib;D:\MySQL\MySQLShell8.0\bin\;C:\Users\Lenovo\AppData\Local\Microsoft\WindowsApps;C:\Program Files\JetBrains\PyCharm Community Edition 2021.2\bin;;E:\latex\Latex\texlive\2021\bin\win32;E:\Vscode\Microsoft VS Code\bin;E:/Vivado/Vivado/2022.2\tps\mingw\6.2.0\win64.o\nt\bin;E:/Vivado/Vivado/2022.2\tps\mingw\6.2.0\win64.o\nt\libexec\gcc\x86_64-w64-mingw32\6.2.0;E:/Vivado/Vivado/2022.2\tps\win64\python-3.8.3
USERNAME=Lenovo
OS=Windows_NT
PROCESSOR_IDENTIFIER=AMD64 Family 25 Model 80 Stepping 0, AuthenticAMD



---------------  S Y S T E M  ---------------

OS: Windows 10 , 64 bit Build 19041 (10.0.19041.2913)
OS uptime: 1 days 8:32 hours

CPU:total 8 (initial active 8) (16 cores per cpu, 2 threads per core) family 25 model 80 stepping 0 microcode 0x0, cmov, cx8, fxsr, mmx, sse, sse2, sse3, ssse3, sse4.1, sse4.2, popcnt, avx, avx2, aes, clmul, erms, mmxext, 3dnowpref, lzcnt, sse4a, ht, tsc, tscinvbit, tscinv, bmi1, bmi2,

Memory: 4k page, system-wide physical 14188M (3070M free)
TotalPageFile size 18919M (AvailPageFile size 4702M)
current process WorkingSet (physical memory assigned to process): 3401M, peak: 3403M
current process commit charge ("private bytes"): 3511M, peak: 3532M

vm_info: OpenJDK 64-Bit Server VM (11.0.11+9) for windows-amd64 JRE (11.0.11+9), built on Apr  9 2021 19:32:08 by "" with MS VC++ 15.5 (VS2017)

END.
