
*** Running vivado
    with args -log total.vds -m64 -product Vivado -mode batch -messageDb vivado.pb -notrace -source total.tcl



****** Vivado v2022.2 (64-bit)
  **** SW Build 3671981 on Fri Oct 14 05:00:03 MDT 2022
  **** IP Build 3669848 on Fri Oct 14 08:30:02 MDT 2022
    ** Copyright 1986-2022 Xilinx, Inc. All Rights Reserved.

source total.tcl -notrace
Command: read_checkpoint -auto_incremental -incremental C:/Users/Lenovo/Desktop/Vivado/total/total.srcs/utils_1/imports/synth_1/seg_dynamic.dcp
INFO: [Vivado 12-5825] Read reference checkpoint from C:/Users/Lenovo/Desktop/Vivado/total/total.srcs/utils_1/imports/synth_1/seg_dynamic.dcp for incremental synthesis
INFO: [Vivado 12-7989] Please ensure there are no constraint changes
Command: synth_design -top total -part xc7z020clg400-1
Starting synth_design
Attempting to get a license for feature 'Synthesis' and/or device 'xc7z020'
INFO: [Common 17-349] Got license for feature 'Synthesis' and/or device 'xc7z020'
INFO: [Device 21-403] Loading part xc7z020clg400-1
INFO: [Designutils 20-5440] No compile time benefit to using incremental synthesis; A full resynthesis will be run
INFO: [Designutils 20-4379] Flow is switching to default flow due to incremental criteria not met. If you would like to alter this behaviour and have the flow terminate instead, please set the following parameter config_implementation {autoIncr.Synth.RejectBehavior Terminate}
INFO: [Synth 8-7079] Multithreading enabled for synth_design using a maximum of 2 processes.
INFO: [Synth 8-7078] Launching helper process for spawning children vivado processes
INFO: [Synth 8-7075] Helper process launched with PID 14688
INFO: [Synth 8-11241] undeclared symbol 'REGCCE', assumed default net type 'wire' [E:/Vivado/Vivado/2022.2/data/verilog/src/unimacro/BRAM_SINGLE_MACRO.v:2170]
---------------------------------------------------------------------------------
Starting RTL Elaboration : Time (s): cpu = 00:00:05 ; elapsed = 00:00:06 . Memory (MB): peak = 1264.418 ; gain = 408.363
---------------------------------------------------------------------------------
INFO: [Synth 8-6157] synthesizing module 'total' [C:/Users/Lenovo/Desktop/Vivado/total/total.srcs/sources_1/new/total.v:23]
INFO: [Synth 8-6157] synthesizing module 'voltmeter2' [C:/Users/Lenovo/Desktop/Vivado/total/total.srcs/sources_1/new/voltmeter2.v:23]
WARNING: [Synth 8-4446] all outputs are unconnected for this instance and logic may be removed [C:/Users/Lenovo/Desktop/Vivado/total/total.srcs/sources_1/new/voltmeter2.v:113]
INFO: [Synth 8-6157] synthesizing module 'ila_0' [C:/Users/Lenovo/Desktop/Vivado/total/total.runs/synth_1/.Xil/Vivado-17844-LAPTOP-QRG2S83U/realtime/ila_0_stub.v:5]
INFO: [Synth 8-6155] done synthesizing module 'ila_0' (0#1) [C:/Users/Lenovo/Desktop/Vivado/total/total.runs/synth_1/.Xil/Vivado-17844-LAPTOP-QRG2S83U/realtime/ila_0_stub.v:5]
INFO: [Synth 8-6155] done synthesizing module 'voltmeter2' (0#1) [C:/Users/Lenovo/Desktop/Vivado/total/total.srcs/sources_1/new/voltmeter2.v:23]
INFO: [Synth 8-6157] synthesizing module 'seg_595_dynamic' [C:/Users/Lenovo/Desktop/Vivado/total/total.srcs/sources_1/new/seg_595_dynamic.v:23]
INFO: [Synth 8-6157] synthesizing module 'seg_dynamic' [C:/Users/Lenovo/Desktop/Vivado/total/total.srcs/sources_1/new/seg_dynamic.v:23]
INFO: [Synth 8-6157] synthesizing module 'bcd_8421' [C:/Users/Lenovo/Desktop/Vivado/total/total.srcs/sources_1/new/bcd_8421.v:23]
INFO: [Synth 8-6155] done synthesizing module 'bcd_8421' (0#1) [C:/Users/Lenovo/Desktop/Vivado/total/total.srcs/sources_1/new/bcd_8421.v:23]
INFO: [Synth 8-6155] done synthesizing module 'seg_dynamic' (0#1) [C:/Users/Lenovo/Desktop/Vivado/total/total.srcs/sources_1/new/seg_dynamic.v:23]
INFO: [Synth 8-6155] done synthesizing module 'seg_595_dynamic' (0#1) [C:/Users/Lenovo/Desktop/Vivado/total/total.srcs/sources_1/new/seg_595_dynamic.v:23]
INFO: [Synth 8-6155] done synthesizing module 'total' (0#1) [C:/Users/Lenovo/Desktop/Vivado/total/total.srcs/sources_1/new/total.v:23]
INFO: [Synth 8-6071] Mark debug on the nets applies keep_hierarchy on instance 'voltmeter2_inst'. This will prevent further optimization [C:/Users/Lenovo/Desktop/Vivado/total/total.srcs/sources_1/new/total.v:36]
INFO: [Synth 8-6071] Mark debug on the nets applies keep_hierarchy on instance 'ila_0'. This will prevent further optimization [C:/Users/Lenovo/Desktop/Vivado/total/total.srcs/sources_1/new/voltmeter2.v:113]
WARNING: [Synth 8-6014] Unused sequential element v_reg was removed.  [C:/Users/Lenovo/Desktop/Vivado/total/total.srcs/sources_1/new/voltmeter2.v:79]
WARNING: [Synth 8-7137] Register reg_sign_reg in module voltmeter2 has both Set and reset with same priority. This may cause simulation mismatches. Consider rewriting code  [C:/Users/Lenovo/Desktop/Vivado/total/total.srcs/sources_1/new/voltmeter2.v:78]
---------------------------------------------------------------------------------
Finished RTL Elaboration : Time (s): cpu = 00:00:07 ; elapsed = 00:00:08 . Memory (MB): peak = 1360.043 ; gain = 503.988
---------------------------------------------------------------------------------
---------------------------------------------------------------------------------
Start Handling Custom Attributes
---------------------------------------------------------------------------------
---------------------------------------------------------------------------------
Finished Handling Custom Attributes : Time (s): cpu = 00:00:07 ; elapsed = 00:00:08 . Memory (MB): peak = 1360.043 ; gain = 503.988
---------------------------------------------------------------------------------
---------------------------------------------------------------------------------
Finished RTL Optimization Phase 1 : Time (s): cpu = 00:00:07 ; elapsed = 00:00:08 . Memory (MB): peak = 1360.043 ; gain = 503.988
---------------------------------------------------------------------------------
Netlist sorting complete. Time (s): cpu = 00:00:00 ; elapsed = 00:00:00.011 . Memory (MB): peak = 1360.043 ; gain = 0.000
INFO: [Project 1-570] Preparing netlist for logic optimization

Processing XDC Constraints
Initializing timing engine
Parsing XDC File [c:/Users/Lenovo/Desktop/Vivado/total/total.gen/sources_1/ip/ila_0/ila_0/ila_0_in_context.xdc] for cell 'voltmeter2_inst/ila_0'
Finished Parsing XDC File [c:/Users/Lenovo/Desktop/Vivado/total/total.gen/sources_1/ip/ila_0/ila_0/ila_0_in_context.xdc] for cell 'voltmeter2_inst/ila_0'
Parsing XDC File [C:/Users/Lenovo/Desktop/Vivado/total/total.srcs/constrs_1/new/top.xdc]
Finished Parsing XDC File [C:/Users/Lenovo/Desktop/Vivado/total/total.srcs/constrs_1/new/top.xdc]
INFO: [Project 1-236] Implementation specific constraints were found while reading constraint file [C:/Users/Lenovo/Desktop/Vivado/total/total.srcs/constrs_1/new/top.xdc]. These constraints will be ignored for synthesis but will be used in implementation. Impacted constraints are listed in the file [.Xil/total_propImpl.xdc].
Resolution: To avoid this warning, move constraints listed in [.Xil/total_propImpl.xdc] to another XDC file and exclude this new file from synthesis with the used_in_synthesis property (File Properties dialog in GUI) and re-run elaboration/synthesis.
Completed Processing XDC Constraints

Netlist sorting complete. Time (s): cpu = 00:00:00 ; elapsed = 00:00:00.001 . Memory (MB): peak = 1460.766 ; gain = 0.000
INFO: [Project 1-111] Unisim Transformation Summary:
No Unisim elements were transformed.

Constraint Validation Runtime : Time (s): cpu = 00:00:00 ; elapsed = 00:00:00.006 . Memory (MB): peak = 1460.766 ; gain = 0.000
INFO: [Designutils 20-5440] No compile time benefit to using incremental synthesis; A full resynthesis will be run
INFO: [Designutils 20-4379] Flow is switching to default flow due to incremental criteria not met. If you would like to alter this behaviour and have the flow terminate instead, please set the following parameter config_implementation {autoIncr.Synth.RejectBehavior Terminate}
INFO: [Synth 8-11241] undeclared symbol 'REGCCE', assumed default net type 'wire' [E:/Vivado/Vivado/2022.2/data/verilog/src/unimacro/BRAM_SINGLE_MACRO.v:2170]
---------------------------------------------------------------------------------
Finished Constraint Validation : Time (s): cpu = 00:00:15 ; elapsed = 00:00:16 . Memory (MB): peak = 1460.766 ; gain = 604.711
---------------------------------------------------------------------------------
---------------------------------------------------------------------------------
Start Loading Part and Timing Information
---------------------------------------------------------------------------------
Loading part: xc7z020clg400-1
---------------------------------------------------------------------------------
Finished Loading Part and Timing Information : Time (s): cpu = 00:00:15 ; elapsed = 00:00:16 . Memory (MB): peak = 1460.766 ; gain = 604.711
---------------------------------------------------------------------------------
---------------------------------------------------------------------------------
Start Applying 'set_property' XDC Constraints
---------------------------------------------------------------------------------
Applied set_property KEEP_HIERARCHY = SOFT for voltmeter2_inst/ila_0. (constraint file  auto generated constraint).
---------------------------------------------------------------------------------
Finished applying 'set_property' XDC Constraints : Time (s): cpu = 00:00:15 ; elapsed = 00:00:16 . Memory (MB): peak = 1460.766 ; gain = 604.711
---------------------------------------------------------------------------------
---------------------------------------------------------------------------------
Finished RTL Optimization Phase 2 : Time (s): cpu = 00:00:16 ; elapsed = 00:00:17 . Memory (MB): peak = 1460.766 ; gain = 604.711
---------------------------------------------------------------------------------
---------------------------------------------------------------------------------
Start RTL Component Statistics 
---------------------------------------------------------------------------------
Detailed RTL Component Info : 
+---Adders : 
	   2 Input   25 Bit       Adders := 1     
	   2 Input   20 Bit       Adders := 2     
	   2 Input   16 Bit       Adders := 1     
	   2 Input   13 Bit       Adders := 1     
	   2 Input    5 Bit       Adders := 1     
	   2 Input    4 Bit       Adders := 5     
	   2 Input    3 Bit       Adders := 1     
+---Registers : 
	               37 Bit    Registers := 1     
	               25 Bit    Registers := 1     
	               16 Bit    Registers := 2     
	               13 Bit    Registers := 2     
	                8 Bit    Registers := 2     
	                5 Bit    Registers := 1     
	                4 Bit    Registers := 8     
	                3 Bit    Registers := 1     
	                1 Bit    Registers := 5     
+---Multipliers : 
	               4x32  Multipliers := 2     
	              32x32  Multipliers := 2     
+---Muxes : 
	   2 Input   37 Bit        Muxes := 3     
	   2 Input   25 Bit        Muxes := 1     
	   2 Input   16 Bit        Muxes := 1     
	   3 Input   13 Bit        Muxes := 2     
	   2 Input   13 Bit        Muxes := 5     
	   2 Input    5 Bit        Muxes := 1     
	   2 Input    4 Bit        Muxes := 2     
	   4 Input    4 Bit        Muxes := 1     
	   2 Input    3 Bit        Muxes := 1     
	   2 Input    1 Bit        Muxes := 7     
---------------------------------------------------------------------------------
Finished RTL Component Statistics 
---------------------------------------------------------------------------------
---------------------------------------------------------------------------------
Start Part Resource Summary
---------------------------------------------------------------------------------
Part Resources:
DSPs: 220 (col length:60)
BRAMs: 280 (col length: RAMB18 60 RAMB36 30)
---------------------------------------------------------------------------------
Finished Part Resource Summary
---------------------------------------------------------------------------------
---------------------------------------------------------------------------------
Start Cross Boundary and Area Optimization
---------------------------------------------------------------------------------
WARNING: [Synth 8-7080] Parallel synthesis criteria is not met
DSP Report: Generating DSP reg_vol1, operation Mode is: (D'+(A:0x3fffff81))*(B:0x1388).
DSP Report: register addata_reg is absorbed into DSP reg_vol1.
DSP Report: operator reg_vol1 is absorbed into DSP reg_vol1.
DSP Report: operator reg_vol2 is absorbed into DSP reg_vol1.
DSP Report: Generating DSP reg_vol3, operation Mode is: A*(B:0x1388).
DSP Report: operator reg_vol3 is absorbed into DSP reg_vol3.
---------------------------------------------------------------------------------
Finished Cross Boundary and Area Optimization : Time (s): cpu = 00:00:19 ; elapsed = 00:00:20 . Memory (MB): peak = 1460.766 ; gain = 604.711
---------------------------------------------------------------------------------
---------------------------------------------------------------------------------
Start ROM, RAM, DSP, Shift Register and Retiming Reporting
---------------------------------------------------------------------------------

DSP: Preliminary Mapping Report (see note below. The ' indicates corresponding REG is set)
+------------+--------------------------------+--------+--------+--------+--------+--------+------+------+------+------+-------+------+------+
|Module Name | DSP Mapping                    | A Size | B Size | C Size | D Size | P Size | AREG | BREG | CREG | DREG | ADREG | MREG | PREG | 
+------------+--------------------------------+--------+--------+--------+--------+--------+------+------+------+------+-------+------+------+
|voltmeter2  | (D'+(A:0x3fffff81))*(B:0x1388) | 20     | 13     | -      | 8      | 33     | 0    | 0    | -    | 1    | 0     | 0    | 0    | 
|voltmeter2  | A*(B:0x1388)                   | 20     | 13     | -      | -      | 33     | 0    | 0    | -    | -    | -     | 0    | 0    | 
+------------+--------------------------------+--------+--------+--------+--------+--------+------+------+------+------+-------+------+------+

Note: The table above is a preliminary report that shows the DSPs inferred at the current stage of the synthesis flow. Some DSP may be reimplemented as non DSP primitives later in the synthesis flow. Multiple instantiated DSPs are reported only once.
---------------------------------------------------------------------------------
Finished ROM, RAM, DSP, Shift Register and Retiming Reporting
---------------------------------------------------------------------------------
---------------------------------------------------------------------------------
Start Applying XDC Timing Constraints
---------------------------------------------------------------------------------
---------------------------------------------------------------------------------
Finished Applying XDC Timing Constraints : Time (s): cpu = 00:00:28 ; elapsed = 00:00:29 . Memory (MB): peak = 1460.766 ; gain = 604.711
---------------------------------------------------------------------------------
---------------------------------------------------------------------------------
Start Timing Optimization
---------------------------------------------------------------------------------
---------------------------------------------------------------------------------
Finished Timing Optimization : Time (s): cpu = 00:00:28 ; elapsed = 00:00:29 . Memory (MB): peak = 1460.766 ; gain = 604.711
---------------------------------------------------------------------------------
---------------------------------------------------------------------------------
Start Technology Mapping
---------------------------------------------------------------------------------
---------------------------------------------------------------------------------
Finished Technology Mapping : Time (s): cpu = 00:00:28 ; elapsed = 00:00:29 . Memory (MB): peak = 1460.766 ; gain = 604.711
---------------------------------------------------------------------------------
---------------------------------------------------------------------------------
Start IO Insertion
---------------------------------------------------------------------------------
---------------------------------------------------------------------------------
Start Flattening Before IO Insertion
---------------------------------------------------------------------------------
---------------------------------------------------------------------------------
Finished Flattening Before IO Insertion
---------------------------------------------------------------------------------
---------------------------------------------------------------------------------
Start Final Netlist Cleanup
---------------------------------------------------------------------------------
---------------------------------------------------------------------------------
Finished Final Netlist Cleanup
---------------------------------------------------------------------------------
---------------------------------------------------------------------------------
Finished IO Insertion : Time (s): cpu = 00:00:33 ; elapsed = 00:00:35 . Memory (MB): peak = 1460.766 ; gain = 604.711
---------------------------------------------------------------------------------
---------------------------------------------------------------------------------
Start Renaming Generated Instances
---------------------------------------------------------------------------------
---------------------------------------------------------------------------------
Finished Renaming Generated Instances : Time (s): cpu = 00:00:33 ; elapsed = 00:00:35 . Memory (MB): peak = 1460.766 ; gain = 604.711
---------------------------------------------------------------------------------
---------------------------------------------------------------------------------
Start Rebuilding User Hierarchy
---------------------------------------------------------------------------------
---------------------------------------------------------------------------------
Finished Rebuilding User Hierarchy : Time (s): cpu = 00:00:33 ; elapsed = 00:00:35 . Memory (MB): peak = 1460.766 ; gain = 604.711
---------------------------------------------------------------------------------
---------------------------------------------------------------------------------
Start Renaming Generated Ports
---------------------------------------------------------------------------------
---------------------------------------------------------------------------------
Finished Renaming Generated Ports : Time (s): cpu = 00:00:33 ; elapsed = 00:00:35 . Memory (MB): peak = 1460.766 ; gain = 604.711
---------------------------------------------------------------------------------
---------------------------------------------------------------------------------
Start Handling Custom Attributes
---------------------------------------------------------------------------------
---------------------------------------------------------------------------------
Finished Handling Custom Attributes : Time (s): cpu = 00:00:33 ; elapsed = 00:00:35 . Memory (MB): peak = 1460.766 ; gain = 604.711
---------------------------------------------------------------------------------
---------------------------------------------------------------------------------
Start Renaming Generated Nets
---------------------------------------------------------------------------------
---------------------------------------------------------------------------------
Finished Renaming Generated Nets : Time (s): cpu = 00:00:33 ; elapsed = 00:00:35 . Memory (MB): peak = 1460.766 ; gain = 604.711
---------------------------------------------------------------------------------
---------------------------------------------------------------------------------
Start Writing Synthesis Report
---------------------------------------------------------------------------------

DSP Final Report (the ' indicates corresponding REG is set)
+------------+-------------+--------+--------+--------+--------+--------+------+------+------+------+-------+------+------+
|Module Name | DSP Mapping | A Size | B Size | C Size | D Size | P Size | AREG | BREG | CREG | DREG | ADREG | MREG | PREG | 
+------------+-------------+--------+--------+--------+--------+--------+------+------+------+------+-------+------+------+
|voltmeter2  | D'+A*B      | 30     | 13     | -      | 8      | 33     | 0    | 0    | -    | 0    | 0     | 0    | 0    | 
|voltmeter2  | A*B         | 20     | 13     | -      | -      | 33     | 0    | 0    | -    | -    | -     | 0    | 0    | 
+------------+-------------+--------+--------+--------+--------+--------+------+------+------+------+-------+------+------+


Report BlackBoxes: 
+------+--------------+----------+
|      |BlackBox name |Instances |
+------+--------------+----------+
|1     |ila_0         |         1|
+------+--------------+----------+

Report Cell Usage: 
+------+--------+------+
|      |Cell    |Count |
+------+--------+------+
|1     |ila     |     1|
|2     |BUFG    |     2|
|3     |CARRY4  |    24|
|4     |DSP48E1 |     2|
|6     |LUT1    |    24|
|7     |LUT2    |    65|
|8     |LUT3    |    31|
|9     |LUT4    |    32|
|10    |LUT5    |    17|
|11    |LUT6    |    54|
|12    |FDCE    |   157|
|13    |FDPE    |     7|
|14    |FDRE    |    14|
|15    |IBUF    |    11|
|16    |OBUF    |    13|
+------+--------+------+
---------------------------------------------------------------------------------
Finished Writing Synthesis Report : Time (s): cpu = 00:00:33 ; elapsed = 00:00:35 . Memory (MB): peak = 1460.766 ; gain = 604.711
---------------------------------------------------------------------------------
Synthesis finished with 0 errors, 0 critical warnings and 1 warnings.
Synthesis Optimization Runtime : Time (s): cpu = 00:00:24 ; elapsed = 00:00:32 . Memory (MB): peak = 1460.766 ; gain = 503.988
Synthesis Optimization Complete : Time (s): cpu = 00:00:33 ; elapsed = 00:00:35 . Memory (MB): peak = 1460.766 ; gain = 604.711
INFO: [Project 1-571] Translating synthesized netlist
Netlist sorting complete. Time (s): cpu = 00:00:00 ; elapsed = 00:00:00.007 . Memory (MB): peak = 1460.766 ; gain = 0.000
INFO: [Netlist 29-17] Analyzing 26 Unisim elements for replacement
INFO: [Netlist 29-28] Unisim Transformation completed in 0 CPU seconds
INFO: [Project 1-570] Preparing netlist for logic optimization
INFO: [Opt 31-138] Pushed 0 inverter(s) to 0 load pin(s).
Netlist sorting complete. Time (s): cpu = 00:00:00 ; elapsed = 00:00:00 . Memory (MB): peak = 1460.766 ; gain = 0.000
INFO: [Project 1-111] Unisim Transformation Summary:
No Unisim elements were transformed.

Synth Design complete, checksum: 19a91709
INFO: [Common 17-83] Releasing license: Synthesis
37 Infos, 4 Warnings, 0 Critical Warnings and 0 Errors encountered.
synth_design completed successfully
synth_design: Time (s): cpu = 00:00:39 ; elapsed = 00:00:41 . Memory (MB): peak = 1460.766 ; gain = 1004.156
INFO: [Common 17-600] The following parameters have non-default value.
tcl.collectionResultDisplayLimit
INFO: [Common 17-1381] The checkpoint 'C:/Users/Lenovo/Desktop/Vivado/total/total.runs/synth_1/total.dcp' has been generated.
INFO: [runtcl-4] Executing : report_utilization -file total_utilization_synth.rpt -pb total_utilization_synth.pb
INFO: [Common 17-206] Exiting Vivado at Mon Jun  5 17:04:31 2023...
